0 verbose cli [
0 verbose cli   '/usr/bin/node',
0 verbose cli   '/usr/bin/npm',
0 verbose cli   'view',
0 verbose cli   '--json',
0 verbose cli   'react-chartjs-2',
0 verbose cli   'description',
0 verbose cli   'dist-tags.latest',
0 verbose cli   'homepage',
0 verbose cli   'version'
0 verbose cli ]
1 info using npm@7.7.6
2 info using node@v15.14.0
3 timing npm:load:whichnode Completed in 1ms
4 timing config:load:defaults Completed in 2ms
5 timing config:load:file:/usr/lib/node_modules/npm/npmrc Completed in 2ms
6 timing config:load:builtin Completed in 2ms
7 timing config:load:cli Completed in 2ms
8 timing config:load:env Completed in 1ms
9 timing config:load:file:/home/manueltechs/Desktop/Final Project/water-management/.npmrc Completed in 0ms
10 timing config:load:project Completed in 1ms
11 timing config:load:file:/home/manueltechs/.npmrc Completed in 14ms
12 timing config:load:user Completed in 14ms
13 timing config:load:file:/usr/etc/npmrc Completed in 0ms
14 timing config:load:global Completed in 0ms
15 timing config:load:validate Completed in 28ms
16 timing config:load:setEnvs Completed in 1ms
17 timing config:load Completed in 52ms
18 timing npm:load:configload Completed in 52ms
19 timing npm:load:setTitle Completed in 0ms
20 timing npm:load:setupLog Completed in 0ms
21 timing npm:load:cleanupLog Completed in 4ms
22 timing npm:load:configScope Completed in 0ms
23 timing npm:load:projectScope Completed in 0ms
24 timing npm:load Completed in 59ms
25 timing config:load:flatten Completed in 4ms
26 timing command:view Completed in 25024ms
27 verbose type system
28 verbose stack FetchError: request to http://registry.npmjs.org/react-chartjs-2 failed, reason: getaddrinfo EAI_AGAIN registry.npmjs.org
28 verbose stack     at ClientRequest.<anonymous> (/usr/lib/node_modules/npm/node_modules/minipass-fetch/lib/index.js:97:14)
28 verbose stack     at ClientRequest.emit (node:events:369:20)
28 verbose stack     at Socket.socketErrorListener (node:_http_client:472:9)
28 verbose stack     at Socket.emit (node:events:381:22)
28 verbose stack     at emitErrorNT (node:internal/streams/destroy:188:8)
28 verbose stack     at emitErrorCloseNT (node:internal/streams/destroy:153:3)
28 verbose stack     at processTicksAndRejections (node:internal/process/task_queues:81:21)
29 verbose cwd /home/manueltechs/Desktop/Final Project/water-management
30 verbose Linux 5.13.0-28-generic
31 verbose argv "/usr/bin/node" "/usr/bin/npm" "view" "--json" "react-chartjs-2" "description" "dist-tags.latest" "homepage" "version"
32 verbose node v15.14.0
33 verbose npm  v7.7.6
34 error code EAI_AGAIN
35 error syscall getaddrinfo
36 error errno EAI_AGAIN
37 error request to http://registry.npmjs.org/react-chartjs-2 failed, reason: getaddrinfo EAI_AGAIN registry.npmjs.org
38 verbose exit 1
