0 verbose cli [ '/usr/bin/node', '/usr/bin/npm', 'i', '-g', 'npm-check-updates' ]
1 info using npm@7.7.6
2 info using node@v15.14.0
3 timing npm:load:whichnode Completed in 2ms
4 timing config:load:defaults Completed in 1ms
5 timing config:load:file:/usr/lib/node_modules/npm/npmrc Completed in 1ms
6 timing config:load:builtin Completed in 1ms
7 timing config:load:cli Completed in 2ms
8 timing config:load:env Completed in 1ms
9 timing config:load:file:/home/manueltechs/Desktop/Final Project/water-management/.npmrc Completed in 0ms
10 timing config:load:project Completed in 1ms
11 timing config:load:file:/home/manueltechs/.npmrc Completed in 1ms
12 timing config:load:user Completed in 1ms
13 timing config:load:file:/usr/etc/npmrc Completed in 0ms
14 timing config:load:global Completed in 0ms
15 timing config:load:validate Completed in 2ms
16 timing config:load:setEnvs Completed in 1ms
17 timing config:load Completed in 10ms
18 timing npm:load:configload Completed in 10ms
19 timing npm:load:setTitle Completed in 0ms
20 timing npm:load:setupLog Completed in 2ms
21 timing npm:load:cleanupLog Completed in 2ms
22 timing npm:load:configScope Completed in 0ms
23 timing npm:load:projectScope Completed in 1ms
24 timing npm:load Completed in 17ms
25 timing config:load:flatten Completed in 3ms
26 timing arborist:ctor Completed in 1ms
27 timing idealTree:init Completed in 11ms
28 timing idealTree:userRequests Completed in 3ms
29 silly idealTree buildDeps
30 silly fetch manifest npm-check-updates@*
31 http fetch GET 200 https://registry.npmjs.org/npm-check-updates 20447ms
32 silly placeDep ROOT npm-check-updates@12.5.2 OK for:  want: *
33 silly fetch manifest chalk@^4.1.2
34 silly fetch manifest cint@^8.2.1
35 silly fetch manifest cli-table@^0.3.11
36 silly fetch manifest commander@^9.0.0
37 silly fetch manifest fast-memoize@^2.5.2
38 silly fetch manifest find-up@5.0.0
39 silly fetch manifest fp-and-or@^0.1.3
40 silly fetch manifest get-stdin@^8.0.0
41 silly fetch manifest globby@^11.0.4
42 silly fetch manifest hosted-git-info@^4.1.0
43 silly fetch manifest json-parse-helpfulerror@^1.0.3
44 silly fetch manifest jsonlines@^0.1.1
45 silly fetch manifest libnpmconfig@^1.2.1
46 silly fetch manifest lodash@^4.17.21
47 silly fetch manifest minimatch@^5.0.1
48 silly fetch manifest p-map@^4.0.0
49 silly fetch manifest pacote@^13.0.3
50 silly fetch manifest parse-github-url@^1.0.2
51 silly fetch manifest progress@^2.0.3
52 silly fetch manifest prompts@^2.4.2
53 silly fetch manifest rc-config-loader@^4.0.0
54 silly fetch manifest remote-git-tags@^3.0.0
55 silly fetch manifest rimraf@^3.0.2
56 silly fetch manifest semver@^7.3.5
57 silly fetch manifest semver-utils@^1.1.4
58 silly fetch manifest source-map-support@^0.5.21
59 silly fetch manifest spawn-please@^1.0.0
60 silly fetch manifest update-notifier@^5.1.0
61 silly fetch manifest yaml@^1.10.2
62 http fetch GET 200 https://registry.npmjs.org/globby 3209ms
63 http fetch GET 200 https://registry.npmjs.org/json-parse-helpfulerror 3209ms
64 http fetch GET 200 https://registry.npmjs.org/get-stdin 3217ms
65 http fetch GET 304 https://registry.npmjs.org/chalk 3570ms (from cache)
66 http fetch GET 200 https://registry.npmjs.org/find-up 3981ms
67 http fetch GET 200 https://registry.npmjs.org/semver-utils 4273ms
68 http fetch GET 200 https://registry.npmjs.org/hosted-git-info 4592ms
69 http fetch GET 200 https://registry.npmjs.org/libnpmconfig 4588ms
70 http fetch GET 200 https://registry.npmjs.org/cli-table 4603ms
71 http fetch GET 200 https://registry.npmjs.org/fp-and-or 4599ms
72 http fetch GET 200 https://registry.npmjs.org/jsonlines 4591ms
73 http fetch GET 200 https://registry.npmjs.org/lodash 4588ms
74 http fetch GET 200 https://registry.npmjs.org/prompts 4872ms
75 http fetch GET 200 https://registry.npmjs.org/p-map 4886ms
76 http fetch GET 200 https://registry.npmjs.org/cint 5377ms
77 http fetch GET 200 https://registry.npmjs.org/minimatch 5804ms
78 http fetch GET 200 https://registry.npmjs.org/progress 6108ms
79 http fetch GET 200 https://registry.npmjs.org/remote-git-tags 6571ms
80 http fetch GET 200 https://registry.npmjs.org/semver 6570ms
81 http fetch GET 200 https://registry.npmjs.org/parse-github-url 6597ms
82 http fetch GET 200 https://registry.npmjs.org/spawn-please 6711ms
83 http fetch GET 200 https://registry.npmjs.org/rimraf 6735ms
84 http fetch GET 200 https://registry.npmjs.org/commander 6768ms
85 http fetch GET 200 https://registry.npmjs.org/source-map-support 6865ms
86 http fetch GET 200 https://registry.npmjs.org/rc-config-loader 7344ms
87 http fetch GET 200 https://registry.npmjs.org/update-notifier 7347ms
88 http fetch GET 200 https://registry.npmjs.org/fast-memoize 7468ms
89 http fetch GET 200 https://registry.npmjs.org/yaml 8332ms
90 http fetch GET 200 https://registry.npmjs.org/pacote 11967ms
91 timing idealTree:#root Completed in 32459ms
92 silly placeDep node_modules/npm-check-updates chalk@4.1.2 OK for: npm-check-updates@12.5.2 want: ^4.1.2
93 silly placeDep node_modules/npm-check-updates cint@8.2.1 OK for: npm-check-updates@12.5.2 want: ^8.2.1
94 silly placeDep node_modules/npm-check-updates cli-table@0.3.11 OK for: npm-check-updates@12.5.2 want: ^0.3.11
95 silly placeDep node_modules/npm-check-updates commander@9.0.0 OK for: npm-check-updates@12.5.2 want: ^9.0.0
96 silly placeDep node_modules/npm-check-updates fast-memoize@2.5.2 OK for: npm-check-updates@12.5.2 want: ^2.5.2
97 silly placeDep node_modules/npm-check-updates find-up@5.0.0 OK for: npm-check-updates@12.5.2 want: 5.0.0
98 silly placeDep node_modules/npm-check-updates fp-and-or@0.1.3 OK for: npm-check-updates@12.5.2 want: ^0.1.3
99 silly placeDep node_modules/npm-check-updates get-stdin@8.0.0 OK for: npm-check-updates@12.5.2 want: ^8.0.0
100 silly placeDep node_modules/npm-check-updates globby@11.1.0 OK for: npm-check-updates@12.5.2 want: ^11.0.4
101 silly placeDep node_modules/npm-check-updates hosted-git-info@4.1.0 OK for: npm-check-updates@12.5.2 want: ^4.1.0
102 silly placeDep node_modules/npm-check-updates json-parse-helpfulerror@1.0.3 OK for: npm-check-updates@12.5.2 want: ^1.0.3
103 silly placeDep node_modules/npm-check-updates jsonlines@0.1.1 OK for: npm-check-updates@12.5.2 want: ^0.1.1
104 silly placeDep node_modules/npm-check-updates libnpmconfig@1.2.1 OK for: npm-check-updates@12.5.2 want: ^1.2.1
105 silly placeDep node_modules/npm-check-updates lodash@4.17.21 OK for: npm-check-updates@12.5.2 want: ^4.17.21
106 silly placeDep node_modules/npm-check-updates minimatch@5.0.1 OK for: npm-check-updates@12.5.2 want: ^5.0.1
107 silly placeDep node_modules/npm-check-updates p-map@4.0.0 OK for: npm-check-updates@12.5.2 want: ^4.0.0
108 silly placeDep node_modules/npm-check-updates pacote@13.0.3 OK for: npm-check-updates@12.5.2 want: ^13.0.3
109 silly placeDep node_modules/npm-check-updates parse-github-url@1.0.2 OK for: npm-check-updates@12.5.2 want: ^1.0.2
110 silly placeDep node_modules/npm-check-updates progress@2.0.3 OK for: npm-check-updates@12.5.2 want: ^2.0.3
111 silly placeDep node_modules/npm-check-updates prompts@2.4.2 OK for: npm-check-updates@12.5.2 want: ^2.4.2
112 silly placeDep node_modules/npm-check-updates rc-config-loader@4.0.0 OK for: npm-check-updates@12.5.2 want: ^4.0.0
113 silly placeDep node_modules/npm-check-updates remote-git-tags@3.0.0 OK for: npm-check-updates@12.5.2 want: ^3.0.0
114 silly placeDep node_modules/npm-check-updates rimraf@3.0.2 OK for: npm-check-updates@12.5.2 want: ^3.0.2
115 silly placeDep node_modules/npm-check-updates semver@7.3.5 OK for: npm-check-updates@12.5.2 want: ^7.3.5
116 silly placeDep node_modules/npm-check-updates semver-utils@1.1.4 OK for: npm-check-updates@12.5.2 want: ^1.1.4
117 silly placeDep node_modules/npm-check-updates source-map-support@0.5.21 OK for: npm-check-updates@12.5.2 want: ^0.5.21
118 silly placeDep node_modules/npm-check-updates spawn-please@1.0.0 OK for: npm-check-updates@12.5.2 want: ^1.0.0
119 silly placeDep node_modules/npm-check-updates update-notifier@5.1.0 OK for: npm-check-updates@12.5.2 want: ^5.1.0
120 silly placeDep node_modules/npm-check-updates yaml@1.10.2 OK for: npm-check-updates@12.5.2 want: ^1.10.2
121 silly fetch manifest ansi-styles@^4.1.0
122 silly fetch manifest supports-color@^7.1.0
123 silly fetch manifest colors@1.0.3
124 silly fetch manifest locate-path@^6.0.0
125 silly fetch manifest path-exists@^4.0.0
126 silly fetch manifest array-union@^2.1.0
127 silly fetch manifest dir-glob@^3.0.1
128 silly fetch manifest fast-glob@^3.2.9
129 silly fetch manifest ignore@^5.2.0
130 silly fetch manifest merge2@^1.4.1
131 silly fetch manifest slash@^3.0.0
132 silly fetch manifest lru-cache@^6.0.0
133 silly fetch manifest jju@^1.1.0
134 silly fetch manifest figgy-pudding@^3.5.1
135 silly fetch manifest find-up@^3.0.0
136 silly fetch manifest ini@^1.3.5
137 silly fetch manifest brace-expansion@^2.0.1
138 silly fetch manifest aggregate-error@^3.0.0
139 silly fetch manifest @npmcli/git@^3.0.0
140 silly fetch manifest @npmcli/installed-package-contents@^1.0.7
141 silly fetch manifest @npmcli/promise-spawn@^1.2.0
142 silly fetch manifest @npmcli/run-script@^3.0.0
143 silly fetch manifest cacache@^15.3.0
144 silly fetch manifest chownr@^2.0.0
145 silly fetch manifest fs-minipass@^2.1.0
146 silly fetch manifest infer-owner@^1.0.4
147 silly fetch manifest minipass@^3.1.6
148 silly fetch manifest mkdirp@^1.0.4
149 silly fetch manifest npm-package-arg@^9.0.0
150 silly fetch manifest npm-packlist@^3.0.0
151 silly fetch manifest npm-pick-manifest@^7.0.0
152 silly fetch manifest npm-registry-fetch@^13.0.0
153 silly fetch manifest proc-log@^2.0.0
154 silly fetch manifest promise-retry@^2.0.1
155 silly fetch manifest read-package-json@^4.1.1
156 silly fetch manifest read-package-json-fast@^2.0.3
157 silly fetch manifest ssri@^8.0.1
158 silly fetch manifest tar@^6.1.11
159 silly fetch manifest kleur@^3.0.3
160 silly fetch manifest sisteransi@^1.0.5
161 silly fetch manifest debug@^4.1.1
162 silly fetch manifest js-yaml@^4.0.0
163 silly fetch manifest json5@^2.1.2
164 silly fetch manifest require-from-string@^2.0.2
165 silly fetch manifest glob@^7.1.3
166 silly fetch manifest buffer-from@^1.0.0
167 silly fetch manifest source-map@^0.6.0
168 silly fetch manifest boxen@^5.0.0
169 silly fetch manifest configstore@^5.0.1
170 silly fetch manifest has-yarn@^2.1.0
171 silly fetch manifest import-lazy@^2.1.0
172 silly fetch manifest is-ci@^2.0.0
173 silly fetch manifest is-installed-globally@^0.4.0
174 silly fetch manifest is-npm@^5.0.0
175 silly fetch manifest is-yarn-global@^0.3.0
176 silly fetch manifest latest-version@^5.1.0
177 silly fetch manifest pupa@^2.1.1
178 silly fetch manifest semver-diff@^3.1.1
179 silly fetch manifest xdg-basedir@^4.0.0
180 http fetch GET 200 https://registry.npmjs.org/path-exists 1324ms
181 http fetch GET 200 https://registry.npmjs.org/dir-glob 1464ms
182 http fetch GET 200 https://registry.npmjs.org/array-union 1469ms
183 http fetch GET 200 https://registry.npmjs.org/slash 1497ms
184 http fetch GET 200 https://registry.npmjs.org/merge2 1545ms
185 http fetch GET 304 https://registry.npmjs.org/supports-color 1560ms (from cache)
186 http fetch GET 200 https://registry.npmjs.org/jju 1572ms
187 http fetch GET 200 https://registry.npmjs.org/locate-path 1606ms
188 http fetch GET 304 https://registry.npmjs.org/ansi-styles 1614ms (from cache)
189 http fetch GET 200 https://registry.npmjs.org/ini 2264ms
190 http fetch GET 200 https://registry.npmjs.org/lru-cache 2270ms
191 http fetch GET 200 https://registry.npmjs.org/infer-owner 2381ms
192 http fetch GET 200 https://registry.npmjs.org/brace-expansion 3181ms
193 http fetch GET 200 https://registry.npmjs.org/fs-minipass 3308ms
194 http fetch GET 200 https://registry.npmjs.org/figgy-pudding 3619ms
195 http fetch GET 200 https://registry.npmjs.org/npm-package-arg 4067ms
196 http fetch GET 200 https://registry.npmjs.org/mkdirp 4072ms
197 http fetch GET 200 https://registry.npmjs.org/fast-glob 4261ms
198 http fetch GET 200 https://registry.npmjs.org/ignore 4261ms
199 http fetch GET 200 https://registry.npmjs.org/chownr 4419ms
200 http fetch GET 200 https://registry.npmjs.org/aggregate-error 4538ms
201 http fetch GET 200 https://registry.npmjs.org/colors 4596ms
202 http fetch GET 200 https://registry.npmjs.org/proc-log 4987ms
203 http fetch GET 200 https://registry.npmjs.org/@npmcli%2Finstalled-package-contents 5147ms
204 http fetch GET 200 https://registry.npmjs.org/@npmcli%2Fpromise-spawn 5147ms
205 http fetch GET 200 https://registry.npmjs.org/minipass 5446ms
206 http fetch GET 200 https://registry.npmjs.org/@npmcli%2Fgit 5767ms
207 http fetch GET 200 https://registry.npmjs.org/npm-packlist 5810ms
208 http fetch GET 200 https://registry.npmjs.org/npm-pick-manifest 6012ms
209 http fetch GET 200 https://registry.npmjs.org/js-yaml 6004ms
210 http fetch GET 200 https://registry.npmjs.org/cacache 6160ms
211 http fetch GET 200 https://registry.npmjs.org/promise-retry 6188ms
212 http fetch GET 200 https://registry.npmjs.org/json5 6285ms
213 http fetch GET 200 https://registry.npmjs.org/@npmcli%2Frun-script 6313ms
214 http fetch GET 200 https://registry.npmjs.org/read-package-json 6295ms
215 http fetch GET 200 https://registry.npmjs.org/sisteransi 6342ms
216 http fetch GET 200 https://registry.npmjs.org/buffer-from 6516ms
217 http fetch GET 200 https://registry.npmjs.org/kleur 6615ms
218 http fetch GET 200 https://registry.npmjs.org/has-yarn 6803ms
219 http fetch GET 200 https://registry.npmjs.org/ssri 7003ms
220 http fetch GET 200 https://registry.npmjs.org/is-ci 6983ms
221 http fetch GET 200 https://registry.npmjs.org/is-npm 6982ms
222 http fetch GET 200 https://registry.npmjs.org/debug 7001ms
223 http fetch GET 200 https://registry.npmjs.org/glob 7019ms
224 http fetch GET 200 https://registry.npmjs.org/read-package-json-fast 7124ms
225 http fetch GET 200 https://registry.npmjs.org/latest-version 7259ms
226 http fetch GET 200 https://registry.npmjs.org/pupa 7260ms
227 http fetch GET 200 https://registry.npmjs.org/is-yarn-global 7409ms
228 http fetch GET 200 https://registry.npmjs.org/source-map 7577ms
229 http fetch GET 200 https://registry.npmjs.org/import-lazy 7573ms
230 http fetch GET 200 https://registry.npmjs.org/is-installed-globally 7573ms
231 http fetch GET 200 https://registry.npmjs.org/require-from-string 7898ms
232 http fetch GET 200 https://registry.npmjs.org/configstore 8048ms
233 http fetch GET 200 https://registry.npmjs.org/boxen 8073ms
234 http fetch GET 200 https://registry.npmjs.org/npm-registry-fetch 8212ms
235 http fetch GET 200 https://registry.npmjs.org/semver-diff 8328ms
236 http fetch GET 200 https://registry.npmjs.org/xdg-basedir 8824ms
237 http fetch GET 200 https://registry.npmjs.org/tar 10207ms
238 timing idealTree:node_modules/npm-check-updates Completed in 10287ms
239 silly placeDep node_modules/npm-check-updates ansi-styles@4.3.0 OK for: chalk@4.1.2 want: ^4.1.0
240 silly placeDep node_modules/npm-check-updates supports-color@7.2.0 OK for: chalk@4.1.2 want: ^7.1.0
241 silly fetch manifest color-convert@^2.0.1
242 silly fetch manifest has-flag@^4.0.0
243 http fetch GET 304 https://registry.npmjs.org/has-flag 1044ms (from cache)
244 http fetch GET 304 https://registry.npmjs.org/color-convert 1232ms (from cache)
245 timing idealTree:node_modules/npm-check-updates/node_modules/chalk Completed in 1235ms
246 silly placeDep node_modules/npm-check-updates color-convert@2.0.1 OK for: ansi-styles@4.3.0 want: ^2.0.1
247 silly fetch manifest color-name@~1.1.4
248 http fetch GET 304 https://registry.npmjs.org/color-name 1249ms (from cache)
249 timing idealTree:node_modules/npm-check-updates/node_modules/ansi-styles Completed in 1251ms
250 timing idealTree:node_modules/npm-check-updates/node_modules/cint Completed in 0ms
251 silly placeDep node_modules/npm-check-updates colors@1.0.3 OK for: cli-table@0.3.11 want: 1.0.3
252 timing idealTree:node_modules/npm-check-updates/node_modules/cli-table Completed in 1ms
253 silly placeDep node_modules/npm-check-updates color-name@1.1.4 OK for: color-convert@2.0.1 want: ~1.1.4
254 timing idealTree:node_modules/npm-check-updates/node_modules/color-convert Completed in 1ms
255 timing idealTree:node_modules/npm-check-updates/node_modules/color-name Completed in 0ms
256 timing idealTree:node_modules/npm-check-updates/node_modules/colors Completed in 0ms
257 timing idealTree:node_modules/npm-check-updates/node_modules/commander Completed in 0ms
258 timing idealTree:node_modules/npm-check-updates/node_modules/fast-memoize Completed in 0ms
259 silly placeDep node_modules/npm-check-updates locate-path@6.0.0 OK for: find-up@5.0.0 want: ^6.0.0
260 silly placeDep node_modules/npm-check-updates path-exists@4.0.0 OK for: find-up@5.0.0 want: ^4.0.0
261 silly fetch manifest p-locate@^5.0.0
262 http fetch GET 200 https://registry.npmjs.org/p-locate 2288ms
263 timing idealTree:node_modules/npm-check-updates/node_modules/find-up Completed in 2293ms
264 timing idealTree:node_modules/npm-check-updates/node_modules/fp-and-or Completed in 0ms
265 timing idealTree:node_modules/npm-check-updates/node_modules/get-stdin Completed in 0ms
266 silly placeDep node_modules/npm-check-updates array-union@2.1.0 OK for: globby@11.1.0 want: ^2.1.0
267 silly placeDep node_modules/npm-check-updates dir-glob@3.0.1 OK for: globby@11.1.0 want: ^3.0.1
268 silly placeDep node_modules/npm-check-updates fast-glob@3.2.11 OK for: globby@11.1.0 want: ^3.2.9
269 silly placeDep node_modules/npm-check-updates ignore@5.2.0 OK for: globby@11.1.0 want: ^5.2.0
270 silly placeDep node_modules/npm-check-updates merge2@1.4.1 OK for: globby@11.1.0 want: ^1.4.1
271 silly placeDep node_modules/npm-check-updates slash@3.0.0 OK for: globby@11.1.0 want: ^3.0.0
272 silly fetch manifest path-type@^4.0.0
273 silly fetch manifest @nodelib/fs.stat@^2.0.2
274 silly fetch manifest @nodelib/fs.walk@^1.2.3
275 silly fetch manifest glob-parent@^5.1.2
276 silly fetch manifest micromatch@^4.0.4
277 http fetch GET 200 https://registry.npmjs.org/path-type 1192ms
278 http fetch GET 200 https://registry.npmjs.org/glob-parent 1316ms
279 http fetch GET 200 https://registry.npmjs.org/@nodelib%2Ffs.walk 2404ms
280 http fetch GET 200 https://registry.npmjs.org/@nodelib%2Ffs.stat 2411ms
281 http fetch GET 200 https://registry.npmjs.org/micromatch 2585ms
282 timing idealTree:node_modules/npm-check-updates/node_modules/globby Completed in 2600ms
283 timing idealTree:node_modules/npm-check-updates/node_modules/array-union Completed in 0ms
284 silly placeDep node_modules/npm-check-updates path-type@4.0.0 OK for: dir-glob@3.0.1 want: ^4.0.0
285 timing idealTree:node_modules/npm-check-updates/node_modules/dir-glob Completed in 2ms
286 silly placeDep node_modules/npm-check-updates @nodelib/fs.stat@2.0.5 OK for: fast-glob@3.2.11 want: ^2.0.2
287 silly placeDep node_modules/npm-check-updates @nodelib/fs.walk@1.2.8 OK for: fast-glob@3.2.11 want: ^1.2.3
288 silly placeDep node_modules/npm-check-updates glob-parent@5.1.2 OK for: fast-glob@3.2.11 want: ^5.1.2
289 silly placeDep node_modules/npm-check-updates micromatch@4.0.4 OK for: fast-glob@3.2.11 want: ^4.0.4
290 silly fetch manifest @nodelib/fs.scandir@2.1.5
291 silly fetch manifest fastq@^1.6.0
292 silly fetch manifest is-glob@^4.0.1
293 silly fetch manifest braces@^3.0.1
294 silly fetch manifest picomatch@^2.2.3
295 http fetch GET 200 https://registry.npmjs.org/is-glob 901ms
296 http fetch GET 200 https://registry.npmjs.org/fastq 1528ms
297 http fetch GET 200 https://registry.npmjs.org/picomatch 1547ms
298 http fetch GET 200 https://registry.npmjs.org/braces 1659ms
299 http fetch GET 200 https://registry.npmjs.org/@nodelib%2Ffs.scandir 2136ms
300 timing idealTree:node_modules/npm-check-updates/node_modules/fast-glob Completed in 2143ms
301 timing idealTree:node_modules/npm-check-updates/node_modules/@nodelib/fs.stat Completed in 0ms
302 silly placeDep node_modules/npm-check-updates @nodelib/fs.scandir@2.1.5 OK for: @nodelib/fs.walk@1.2.8 want: 2.1.5
303 silly placeDep node_modules/npm-check-updates fastq@1.13.0 OK for: @nodelib/fs.walk@1.2.8 want: ^1.6.0
304 silly fetch manifest run-parallel@^1.1.9
305 silly fetch manifest reusify@^1.0.4
306 http fetch GET 200 https://registry.npmjs.org/run-parallel 1389ms
307 http fetch GET 200 https://registry.npmjs.org/reusify 223665ms
308 timing idealTree:node_modules/npm-check-updates/node_modules/@nodelib/fs.walk Completed in 223669ms
309 silly placeDep node_modules/npm-check-updates run-parallel@1.2.0 OK for: @nodelib/fs.scandir@2.1.5 want: ^1.1.9
310 silly fetch manifest queue-microtask@^1.2.2
311 http fetch GET 200 https://registry.npmjs.org/queue-microtask 607ms
312 timing idealTree:node_modules/npm-check-updates/node_modules/@nodelib/fs.scandir Completed in 611ms
313 silly placeDep node_modules/npm-check-updates reusify@1.0.4 OK for: fastq@1.13.0 want: ^1.0.4
314 timing idealTree:node_modules/npm-check-updates/node_modules/fastq Completed in 1ms
315 silly placeDep node_modules/npm-check-updates is-glob@4.0.3 OK for: glob-parent@5.1.2 want: ^4.0.1
316 silly fetch manifest is-extglob@^2.1.1
317 http fetch GET 200 https://registry.npmjs.org/is-extglob 630ms
318 timing idealTree:node_modules/npm-check-updates/node_modules/glob-parent Completed in 635ms
319 silly placeDep node_modules/npm-check-updates lru-cache@6.0.0 OK for: hosted-git-info@4.1.0 want: ^6.0.0
320 silly fetch manifest yallist@^4.0.0
321 http fetch GET 200 https://registry.npmjs.org/yallist 593ms
322 timing idealTree:node_modules/npm-check-updates/node_modules/hosted-git-info Completed in 596ms
323 timing idealTree:node_modules/npm-check-updates/node_modules/ignore Completed in 0ms
324 silly placeDep node_modules/npm-check-updates is-extglob@2.1.1 OK for: is-glob@4.0.3 want: ^2.1.1
325 timing idealTree:node_modules/npm-check-updates/node_modules/is-glob Completed in 1ms
326 timing idealTree:node_modules/npm-check-updates/node_modules/is-extglob Completed in 0ms
327 silly placeDep node_modules/npm-check-updates jju@1.4.0 OK for: json-parse-helpfulerror@1.0.3 want: ^1.1.0
328 timing idealTree:node_modules/npm-check-updates/node_modules/json-parse-helpfulerror Completed in 1ms
329 timing idealTree:node_modules/npm-check-updates/node_modules/jju Completed in 0ms
330 timing idealTree:node_modules/npm-check-updates/node_modules/jsonlines Completed in 0ms
331 silly placeDep node_modules/npm-check-updates figgy-pudding@3.5.2 OK for: libnpmconfig@1.2.1 want: ^3.5.1
332 silly placeDep node_modules/npm-check-updates/node_modules/libnpmconfig find-up@3.0.0 OK for: libnpmconfig@1.2.1 want: ^3.0.0
333 silly placeDep node_modules/npm-check-updates ini@1.3.8 OK for: libnpmconfig@1.2.1 want: ^1.3.5
334 silly fetch manifest locate-path@^3.0.0
335 timing idealTree:node_modules/npm-check-updates/node_modules/libnpmconfig Completed in 4ms
336 timing idealTree:node_modules/npm-check-updates/node_modules/figgy-pudding Completed in 0ms
337 timing idealTree:node_modules/npm-check-updates/node_modules/ini Completed in 0ms
338 silly placeDep node_modules/npm-check-updates p-locate@5.0.0 OK for: locate-path@6.0.0 want: ^5.0.0
339 silly fetch manifest p-limit@^3.0.2
340 http fetch GET 200 https://registry.npmjs.org/p-limit 606ms
341 timing idealTree:node_modules/npm-check-updates/node_modules/locate-path Completed in 609ms
342 timing idealTree:node_modules/npm-check-updates/node_modules/lodash Completed in 0ms
343 silly placeDep node_modules/npm-check-updates yallist@4.0.0 OK for: lru-cache@6.0.0 want: ^4.0.0
344 timing idealTree:node_modules/npm-check-updates/node_modules/lru-cache Completed in 2ms
345 timing idealTree:node_modules/npm-check-updates/node_modules/merge2 Completed in 0ms
346 silly placeDep node_modules/npm-check-updates braces@3.0.2 OK for: micromatch@4.0.4 want: ^3.0.1
347 silly placeDep node_modules/npm-check-updates picomatch@2.3.1 OK for: micromatch@4.0.4 want: ^2.2.3
348 silly fetch manifest fill-range@^7.0.1
349 http fetch GET 200 https://registry.npmjs.org/fill-range 494ms
350 timing idealTree:node_modules/npm-check-updates/node_modules/micromatch Completed in 499ms
351 silly placeDep node_modules/npm-check-updates fill-range@7.0.1 OK for: braces@3.0.2 want: ^7.0.1
352 silly fetch manifest to-regex-range@^5.0.1
353 http fetch GET 200 https://registry.npmjs.org/to-regex-range 512ms
354 timing idealTree:node_modules/npm-check-updates/node_modules/braces Completed in 518ms
355 silly placeDep node_modules/npm-check-updates to-regex-range@5.0.1 OK for: fill-range@7.0.1 want: ^5.0.1
356 silly fetch manifest is-number@^7.0.0
357 http fetch GET 200 https://registry.npmjs.org/is-number 433ms
358 timing idealTree:node_modules/npm-check-updates/node_modules/fill-range Completed in 438ms
359 silly placeDep node_modules/npm-check-updates brace-expansion@2.0.1 OK for: minimatch@5.0.1 want: ^2.0.1
360 silly fetch manifest balanced-match@^1.0.0
361 http fetch GET 200 https://registry.npmjs.org/balanced-match 445ms
362 timing idealTree:node_modules/npm-check-updates/node_modules/minimatch Completed in 447ms
363 silly placeDep node_modules/npm-check-updates balanced-match@1.0.2 OK for: brace-expansion@2.0.1 want: ^1.0.0
364 timing idealTree:node_modules/npm-check-updates/node_modules/brace-expansion Completed in 1ms
365 timing idealTree:node_modules/npm-check-updates/node_modules/balanced-match Completed in 0ms
366 silly placeDep node_modules/npm-check-updates p-limit@3.1.0 OK for: p-locate@5.0.0 want: ^3.0.2
367 silly fetch manifest yocto-queue@^0.1.0
368 http fetch GET 200 https://registry.npmjs.org/yocto-queue 545ms
369 timing idealTree:node_modules/npm-check-updates/node_modules/p-locate Completed in 548ms
370 silly placeDep node_modules/npm-check-updates yocto-queue@0.1.0 OK for: p-limit@3.1.0 want: ^0.1.0
371 timing idealTree:node_modules/npm-check-updates/node_modules/p-limit Completed in 1ms
372 silly placeDep node_modules/npm-check-updates aggregate-error@3.1.0 OK for: p-map@4.0.0 want: ^3.0.0
373 silly fetch manifest clean-stack@^2.0.0
374 silly fetch manifest indent-string@^4.0.0
375 http fetch GET 200 https://registry.npmjs.org/clean-stack 414ms
376 http fetch GET 200 https://registry.npmjs.org/indent-string 1019ms
377 timing idealTree:node_modules/npm-check-updates/node_modules/p-map Completed in 1022ms
378 silly placeDep node_modules/npm-check-updates clean-stack@2.2.0 OK for: aggregate-error@3.1.0 want: ^2.0.0
379 silly placeDep node_modules/npm-check-updates indent-string@4.0.0 OK for: aggregate-error@3.1.0 want: ^4.0.0
380 timing idealTree:node_modules/npm-check-updates/node_modules/aggregate-error Completed in 3ms
381 timing idealTree:node_modules/npm-check-updates/node_modules/clean-stack Completed in 0ms
382 timing idealTree:node_modules/npm-check-updates/node_modules/indent-string Completed in 0ms
383 silly placeDep node_modules/npm-check-updates @npmcli/git@3.0.0 OK for: pacote@13.0.3 want: ^3.0.0
384 silly placeDep node_modules/npm-check-updates @npmcli/installed-package-contents@1.0.7 OK for: pacote@13.0.3 want: ^1.0.7
385 silly placeDep node_modules/npm-check-updates @npmcli/promise-spawn@1.3.2 OK for: pacote@13.0.3 want: ^1.2.0
386 silly placeDep node_modules/npm-check-updates @npmcli/run-script@3.0.1 OK for: pacote@13.0.3 want: ^3.0.0
387 silly placeDep node_modules/npm-check-updates cacache@15.3.0 OK for: pacote@13.0.3 want: ^15.3.0
388 silly placeDep node_modules/npm-check-updates chownr@2.0.0 OK for: pacote@13.0.3 want: ^2.0.0
389 silly placeDep node_modules/npm-check-updates fs-minipass@2.1.0 OK for: pacote@13.0.3 want: ^2.1.0
390 silly placeDep node_modules/npm-check-updates infer-owner@1.0.4 OK for: pacote@13.0.3 want: ^1.0.4
391 silly placeDep node_modules/npm-check-updates minipass@3.1.6 OK for: pacote@13.0.3 want: ^3.1.6
392 silly placeDep node_modules/npm-check-updates mkdirp@1.0.4 OK for: pacote@13.0.3 want: ^1.0.4
393 silly placeDep node_modules/npm-check-updates npm-package-arg@9.0.0 OK for: pacote@13.0.3 want: ^9.0.0
394 silly placeDep node_modules/npm-check-updates npm-packlist@3.0.0 OK for: pacote@13.0.3 want: ^3.0.0
395 silly placeDep node_modules/npm-check-updates npm-pick-manifest@7.0.0 OK for: pacote@13.0.3 want: ^7.0.0
396 silly placeDep node_modules/npm-check-updates npm-registry-fetch@13.0.1 OK for: pacote@13.0.3 want: ^13.0.0
397 silly placeDep node_modules/npm-check-updates proc-log@2.0.0 OK for: pacote@13.0.3 want: ^2.0.0
398 silly placeDep node_modules/npm-check-updates promise-retry@2.0.1 OK for: pacote@13.0.3 want: ^2.0.1
399 silly placeDep node_modules/npm-check-updates read-package-json@4.1.1 OK for: pacote@13.0.3 want: ^4.1.1
400 silly placeDep node_modules/npm-check-updates read-package-json-fast@2.0.3 OK for: pacote@13.0.3 want: ^2.0.3
401 silly placeDep node_modules/npm-check-updates ssri@8.0.1 OK for: pacote@13.0.3 want: ^8.0.1
402 silly placeDep node_modules/npm-check-updates tar@6.1.11 OK for: pacote@13.0.3 want: ^6.1.11
403 silly fetch manifest lru-cache@^7.3.1
404 silly fetch manifest promise-inflight@^1.0.1
405 silly fetch manifest which@^2.0.2
406 silly fetch manifest npm-bundled@^1.1.1
407 silly fetch manifest npm-normalize-package-bin@^1.0.1
408 silly fetch manifest @npmcli/node-gyp@^1.0.3
409 silly fetch manifest node-gyp@^9.0.0
410 silly fetch manifest @npmcli/fs@^1.0.0
411 silly fetch manifest @npmcli/move-file@^1.0.1
412 silly fetch manifest glob@^7.1.4
413 silly fetch manifest minipass-collect@^1.0.2
414 silly fetch manifest minipass-flush@^1.0.5
415 silly fetch manifest minipass-pipeline@^1.2.2
416 silly fetch manifest unique-filename@^1.1.1
417 silly fetch manifest validate-npm-package-name@^3.0.0
418 silly fetch manifest glob@^7.1.6
419 silly fetch manifest ignore-walk@^4.0.1
420 silly fetch manifest npm-install-checks@^4.0.0
421 silly fetch manifest make-fetch-happen@^10.0.3
422 silly fetch manifest minipass-fetch@^2.0.1
423 silly fetch manifest minipass-json-stream@^1.0.1
424 silly fetch manifest minizlib@^2.1.2
425 silly fetch manifest err-code@^2.0.2
426 silly fetch manifest retry@^0.12.0
427 silly fetch manifest glob@^7.1.1
428 silly fetch manifest json-parse-even-better-errors@^2.3.0
429 silly fetch manifest normalize-package-data@^3.0.0
430 silly fetch manifest npm-normalize-package-bin@^1.0.0
431 silly fetch manifest minizlib@^2.1.1
432 http fetch GET 200 https://registry.npmjs.org/promise-inflight 518ms
433 http fetch GET 200 https://registry.npmjs.org/which 519ms
434 http fetch GET 200 https://registry.npmjs.org/npm-normalize-package-bin 717ms
435 http fetch GET 200 https://registry.npmjs.org/npm-bundled 754ms
436 http fetch GET 200 https://registry.npmjs.org/minipass-json-stream 1088ms
437 http fetch GET 200 https://registry.npmjs.org/minizlib 1087ms
438 http fetch GET 200 https://registry.npmjs.org/npm-install-checks 2024ms
439 http fetch GET 200 https://registry.npmjs.org/minipass-collect 2199ms
440 http fetch GET 200 https://registry.npmjs.org/unique-filename 2196ms
441 http fetch GET 200 https://registry.npmjs.org/minipass-flush 3271ms
442 http fetch GET 200 https://registry.npmjs.org/validate-npm-package-name 4379ms
443 http fetch GET 200 https://registry.npmjs.org/@npmcli%2Fmove-file 4879ms
444 http fetch GET 200 https://registry.npmjs.org/@npmcli%2Ffs 4884ms
445 http fetch GET 200 https://registry.npmjs.org/retry 5203ms
446 http fetch GET 200 https://registry.npmjs.org/@npmcli%2Fnode-gyp 5249ms
447 http fetch GET 200 https://registry.npmjs.org/normalize-package-data 5256ms
448 http fetch GET 200 https://registry.npmjs.org/minipass-pipeline 5634ms
449 http fetch GET 200 https://registry.npmjs.org/json-parse-even-better-errors 5618ms
450 http fetch GET 200 https://registry.npmjs.org/err-code 5633ms
451 http fetch GET 200 https://registry.npmjs.org/minipass-fetch 5651ms
452 http fetch GET 200 https://registry.npmjs.org/ignore-walk 5683ms
453 http fetch GET 200 https://registry.npmjs.org/node-gyp 6284ms
454 http fetch GET 200 https://registry.npmjs.org/make-fetch-happen 6273ms
455 timing idealTree:node_modules/npm-check-updates/node_modules/pacote Completed in 6320ms
456 silly placeDep node_modules/npm-check-updates/node_modules/@npmcli/git lru-cache@7.4.1 OK for: @npmcli/git@3.0.0 want: ^7.3.1
457 silly placeDep node_modules/npm-check-updates promise-inflight@1.0.1 OK for: @npmcli/git@3.0.0 want: ^1.0.1
458 silly placeDep node_modules/npm-check-updates which@2.0.2 OK for: @npmcli/git@3.0.0 want: ^2.0.2
459 silly fetch manifest isexe@^2.0.0
460 http fetch GET 200 https://registry.npmjs.org/isexe 561ms
461 timing idealTree:node_modules/npm-check-updates/node_modules/@npmcli/git Completed in 568ms
462 silly placeDep node_modules/npm-check-updates npm-bundled@1.1.2 OK for: @npmcli/installed-package-contents@1.0.7 want: ^1.1.1
463 silly placeDep node_modules/npm-check-updates npm-normalize-package-bin@1.0.1 OK for: @npmcli/installed-package-contents@1.0.7 want: ^1.0.1
464 timing idealTree:node_modules/npm-check-updates/node_modules/@npmcli/installed-package-contents Completed in 5ms
465 timing idealTree:node_modules/npm-check-updates/node_modules/@npmcli/promise-spawn Completed in 0ms
466 silly placeDep node_modules/npm-check-updates @npmcli/node-gyp@1.0.3 OK for: @npmcli/run-script@3.0.1 want: ^1.0.3
467 silly placeDep node_modules/npm-check-updates node-gyp@9.0.0 OK for: @npmcli/run-script@3.0.1 want: ^9.0.0
468 silly fetch manifest env-paths@^2.2.0
469 silly fetch manifest graceful-fs@^4.2.6
470 silly fetch manifest nopt@^5.0.0
471 silly fetch manifest npmlog@^6.0.0
472 http fetch GET 200 https://registry.npmjs.org/nopt 679ms
473 http fetch GET 200 https://registry.npmjs.org/npmlog 679ms
474 http fetch GET 200 https://registry.npmjs.org/graceful-fs 778ms
475 http fetch GET 200 https://registry.npmjs.org/env-paths 1797ms
476 timing idealTree:node_modules/npm-check-updates/node_modules/@npmcli/run-script Completed in 1804ms
477 timing idealTree:node_modules/npm-check-updates/node_modules/@npmcli/node-gyp Completed in 0ms
478 silly placeDep node_modules/npm-check-updates @npmcli/fs@1.1.1 OK for: cacache@15.3.0 want: ^1.0.0
479 silly placeDep node_modules/npm-check-updates @npmcli/move-file@1.1.2 OK for: cacache@15.3.0 want: ^1.0.1
480 silly placeDep node_modules/npm-check-updates glob@7.2.0 OK for: cacache@15.3.0 want: ^7.1.4
481 silly placeDep node_modules/npm-check-updates minipass-collect@1.0.2 OK for: cacache@15.3.0 want: ^1.0.2
482 silly placeDep node_modules/npm-check-updates minipass-flush@1.0.5 OK for: cacache@15.3.0 want: ^1.0.5
483 silly placeDep node_modules/npm-check-updates minipass-pipeline@1.2.4 OK for: cacache@15.3.0 want: ^1.2.2
484 silly placeDep node_modules/npm-check-updates unique-filename@1.1.1 OK for: cacache@15.3.0 want: ^1.1.1
485 silly fetch manifest @gar/promisify@^1.0.1
486 silly fetch manifest fs.realpath@^1.0.0
487 silly fetch manifest inflight@^1.0.4
488 silly fetch manifest inherits@2
489 silly fetch manifest minimatch@^3.0.4
490 silly fetch manifest once@^1.3.0
491 silly fetch manifest path-is-absolute@^1.0.0
492 silly fetch manifest unique-slug@^2.0.0
493 http fetch GET 200 https://registry.npmjs.org/unique-slug 395ms
494 http fetch GET 200 https://registry.npmjs.org/inflight 407ms
495 http fetch GET 200 https://registry.npmjs.org/@gar%2Fpromisify 433ms
496 http fetch GET 200 https://registry.npmjs.org/once 435ms
497 http fetch GET 200 https://registry.npmjs.org/path-is-absolute 435ms
498 http fetch GET 200 https://registry.npmjs.org/fs.realpath 444ms
499 http fetch GET 200 https://registry.npmjs.org/inherits 443ms
500 timing idealTree:node_modules/npm-check-updates/node_modules/cacache Completed in 463ms
501 silly placeDep node_modules/npm-check-updates @gar/promisify@1.1.3 OK for: @npmcli/fs@1.1.1 want: ^1.0.1
502 timing idealTree:node_modules/npm-check-updates/node_modules/@npmcli/fs Completed in 1ms
503 timing idealTree:node_modules/npm-check-updates/node_modules/@gar/promisify Completed in 0ms
504 timing idealTree:node_modules/npm-check-updates/node_modules/@npmcli/move-file Completed in 0ms
505 timing idealTree:node_modules/npm-check-updates/node_modules/chownr Completed in 0ms
506 timing idealTree:node_modules/npm-check-updates/node_modules/fs-minipass Completed in 0ms
507 silly placeDep node_modules/npm-check-updates fs.realpath@1.0.0 OK for: glob@7.2.0 want: ^1.0.0
508 silly placeDep node_modules/npm-check-updates inflight@1.0.6 OK for: glob@7.2.0 want: ^1.0.4
509 silly placeDep node_modules/npm-check-updates inherits@2.0.4 OK for: glob@7.2.0 want: 2
510 silly placeDep node_modules/npm-check-updates/node_modules/glob minimatch@3.1.2 OK for: glob@7.2.0 want: ^3.0.4
511 silly placeDep node_modules/npm-check-updates once@1.4.0 OK for: glob@7.2.0 want: ^1.3.0
512 silly placeDep node_modules/npm-check-updates path-is-absolute@1.0.1 OK for: glob@7.2.0 want: ^1.0.0
513 silly fetch manifest wrappy@1
514 silly fetch manifest brace-expansion@^1.1.7
515 http fetch GET 200 https://registry.npmjs.org/wrappy 510ms
516 timing idealTree:node_modules/npm-check-updates/node_modules/glob Completed in 522ms
517 timing idealTree:node_modules/npm-check-updates/node_modules/fs.realpath Completed in 0ms
518 timing idealTree:node_modules/npm-check-updates/node_modules/infer-owner Completed in 0ms
519 silly placeDep node_modules/npm-check-updates wrappy@1.0.2 OK for: inflight@1.0.6 want: 1
520 timing idealTree:node_modules/npm-check-updates/node_modules/inflight Completed in 1ms
521 timing idealTree:node_modules/npm-check-updates/node_modules/inherits Completed in 0ms
522 timing idealTree:node_modules/npm-check-updates/node_modules/minipass Completed in 0ms
523 timing idealTree:node_modules/npm-check-updates/node_modules/minipass-collect Completed in 0ms
524 timing idealTree:node_modules/npm-check-updates/node_modules/minipass-flush Completed in 0ms
525 timing idealTree:node_modules/npm-check-updates/node_modules/minipass-pipeline Completed in 0ms
526 timing idealTree:node_modules/npm-check-updates/node_modules/mkdirp Completed in 0ms
527 silly placeDep node_modules/npm-check-updates env-paths@2.2.1 OK for: node-gyp@9.0.0 want: ^2.2.0
528 silly placeDep node_modules/npm-check-updates graceful-fs@4.2.9 OK for: node-gyp@9.0.0 want: ^4.2.6
529 silly placeDep node_modules/npm-check-updates make-fetch-happen@10.0.4 OK for: node-gyp@9.0.0 want: ^10.0.3
530 silly placeDep node_modules/npm-check-updates nopt@5.0.0 OK for: node-gyp@9.0.0 want: ^5.0.0
531 silly placeDep node_modules/npm-check-updates npmlog@6.0.1 OK for: node-gyp@9.0.0 want: ^6.0.0
532 silly fetch manifest agentkeepalive@^4.2.1
533 silly fetch manifest http-cache-semantics@^4.1.0
534 silly fetch manifest http-proxy-agent@^5.0.0
535 silly fetch manifest https-proxy-agent@^5.0.0
536 silly fetch manifest is-lambda@^1.0.1
537 silly fetch manifest lru-cache@^7.4.0
538 silly fetch manifest negotiator@^0.6.3
539 silly fetch manifest socks-proxy-agent@^6.1.1
540 silly fetch manifest abbrev@1
541 silly fetch manifest are-we-there-yet@^3.0.0
542 silly fetch manifest console-control-strings@^1.1.0
543 silly fetch manifest gauge@^4.0.0
544 silly fetch manifest set-blocking@^2.0.0
545 http fetch GET 200 https://registry.npmjs.org/agentkeepalive 490ms
546 http fetch GET 200 https://registry.npmjs.org/abbrev 491ms
547 http fetch GET 200 https://registry.npmjs.org/http-proxy-agent 501ms
548 http fetch GET 200 https://registry.npmjs.org/http-cache-semantics 518ms
549 http fetch GET 200 https://registry.npmjs.org/console-control-strings 533ms
550 http fetch GET 200 https://registry.npmjs.org/gauge 541ms
551 http fetch GET 200 https://registry.npmjs.org/socks-proxy-agent 547ms
552 http fetch GET 200 https://registry.npmjs.org/negotiator 565ms
553 http fetch GET 200 https://registry.npmjs.org/https-proxy-agent 567ms
554 http fetch GET 200 https://registry.npmjs.org/is-lambda 575ms
555 http fetch GET 200 https://registry.npmjs.org/are-we-there-yet 585ms
556 http fetch GET 200 https://registry.npmjs.org/set-blocking 1744ms
557 timing idealTree:node_modules/npm-check-updates/node_modules/node-gyp Completed in 1764ms
558 timing idealTree:node_modules/npm-check-updates/node_modules/env-paths Completed in 0ms
559 timing idealTree:node_modules/npm-check-updates/node_modules/graceful-fs Completed in 0ms
560 silly placeDep node_modules/npm-check-updates agentkeepalive@4.2.1 OK for: make-fetch-happen@10.0.4 want: ^4.2.1
561 silly placeDep node_modules/npm-check-updates http-cache-semantics@4.1.0 OK for: make-fetch-happen@10.0.4 want: ^4.1.0
562 silly placeDep node_modules/npm-check-updates http-proxy-agent@5.0.0 OK for: make-fetch-happen@10.0.4 want: ^5.0.0
563 silly placeDep node_modules/npm-check-updates https-proxy-agent@5.0.0 OK for: make-fetch-happen@10.0.4 want: ^5.0.0
564 silly placeDep node_modules/npm-check-updates is-lambda@1.0.1 OK for: make-fetch-happen@10.0.4 want: ^1.0.1
565 silly placeDep node_modules/npm-check-updates/node_modules/make-fetch-happen lru-cache@7.4.1 OK for: make-fetch-happen@10.0.4 want: ^7.4.0
566 silly placeDep node_modules/npm-check-updates minipass-fetch@2.0.2 OK for: make-fetch-happen@10.0.4 want: ^2.0.1
567 silly placeDep node_modules/npm-check-updates negotiator@0.6.3 OK for: make-fetch-happen@10.0.4 want: ^0.6.3
568 silly placeDep node_modules/npm-check-updates socks-proxy-agent@6.1.1 OK for: make-fetch-happen@10.0.4 want: ^6.1.1
569 silly fetch manifest debug@^4.1.0
570 silly fetch manifest depd@^1.1.2
571 silly fetch manifest humanize-ms@^1.2.1
572 silly fetch manifest @tootallnate/once@2
573 silly fetch manifest agent-base@6
574 silly fetch manifest debug@4
575 silly fetch manifest encoding@^0.1.13
576 silly fetch manifest minipass-sized@^1.0.3
577 silly fetch manifest agent-base@^6.0.2
578 silly fetch manifest debug@^4.3.1
579 silly fetch manifest socks@^2.6.1
580 http fetch GET 200 https://registry.npmjs.org/humanize-ms 514ms
581 http fetch GET 200 https://registry.npmjs.org/encoding 571ms
582 http fetch GET 200 https://registry.npmjs.org/depd 603ms
583 http fetch GET 200 https://registry.npmjs.org/socks 597ms
584 http fetch GET 200 https://registry.npmjs.org/agent-base 625ms
585 http fetch GET 200 https://registry.npmjs.org/@tootallnate%2Fonce 626ms
586 http fetch GET 200 https://registry.npmjs.org/minipass-sized 643ms
587 timing idealTree:node_modules/npm-check-updates/node_modules/make-fetch-happen Completed in 656ms
588 silly placeDep node_modules/npm-check-updates debug@4.3.3 OK for: agentkeepalive@4.2.1 want: ^4.1.0
589 silly placeDep node_modules/npm-check-updates depd@1.1.2 OK for: agentkeepalive@4.2.1 want: ^1.1.2
590 silly placeDep node_modules/npm-check-updates humanize-ms@1.2.1 OK for: agentkeepalive@4.2.1 want: ^1.2.1
591 silly fetch manifest ms@2.1.2
592 silly fetch manifest ms@^2.0.0
593 http fetch GET 200 https://registry.npmjs.org/ms 441ms
594 timing idealTree:node_modules/npm-check-updates/node_modules/agentkeepalive Completed in 446ms
595 silly placeDep node_modules/npm-check-updates ms@2.1.2 OK for: debug@4.3.3 want: 2.1.2
596 timing idealTree:node_modules/npm-check-updates/node_modules/debug Completed in 2ms
597 timing idealTree:node_modules/npm-check-updates/node_modules/depd Completed in 0ms
598 timing idealTree:node_modules/npm-check-updates/node_modules/http-cache-semantics Completed in 0ms
599 silly placeDep node_modules/npm-check-updates @tootallnate/once@2.0.0 OK for: http-proxy-agent@5.0.0 want: 2
600 silly placeDep node_modules/npm-check-updates agent-base@6.0.2 OK for: http-proxy-agent@5.0.0 want: 6
601 timing idealTree:node_modules/npm-check-updates/node_modules/http-proxy-agent Completed in 2ms
602 timing idealTree:node_modules/npm-check-updates/node_modules/@tootallnate/once Completed in 0ms
603 timing idealTree:node_modules/npm-check-updates/node_modules/agent-base Completed in 0ms
604 timing idealTree:node_modules/npm-check-updates/node_modules/https-proxy-agent Completed in 0ms
605 timing idealTree:node_modules/npm-check-updates/node_modules/humanize-ms Completed in 0ms
606 timing idealTree:node_modules/npm-check-updates/node_modules/is-lambda Completed in 0ms
607 silly placeDep node_modules/npm-check-updates encoding@0.1.13 OK for: minipass-fetch@2.0.2 want: ^0.1.13
608 silly placeDep node_modules/npm-check-updates minipass-sized@1.0.3 OK for: minipass-fetch@2.0.2 want: ^1.0.3
609 silly placeDep node_modules/npm-check-updates minizlib@2.1.2 OK for: minipass-fetch@2.0.2 want: ^2.1.2
610 silly fetch manifest iconv-lite@^0.6.2
611 http fetch GET 200 https://registry.npmjs.org/iconv-lite 431ms
612 timing idealTree:node_modules/npm-check-updates/node_modules/minipass-fetch Completed in 436ms
613 silly placeDep node_modules/npm-check-updates iconv-lite@0.6.3 OK for: encoding@0.1.13 want: ^0.6.2
614 silly fetch manifest safer-buffer@>= 2.1.2 < 3.0.0
615 http fetch GET 200 https://registry.npmjs.org/safer-buffer 1741ms
616 timing idealTree:node_modules/npm-check-updates/node_modules/encoding Completed in 1744ms
617 silly placeDep node_modules/npm-check-updates safer-buffer@2.1.2 OK for: iconv-lite@0.6.3 want: >= 2.1.2 < 3.0.0
618 timing idealTree:node_modules/npm-check-updates/node_modules/iconv-lite Completed in 2ms
619 timing idealTree:node_modules/npm-check-updates/node_modules/minipass-sized Completed in 0ms
620 timing idealTree:node_modules/npm-check-updates/node_modules/minizlib Completed in 0ms
621 timing idealTree:node_modules/npm-check-updates/node_modules/ms Completed in 0ms
622 timing idealTree:node_modules/npm-check-updates/node_modules/negotiator Completed in 0ms
623 silly placeDep node_modules/npm-check-updates abbrev@1.1.1 OK for: nopt@5.0.0 want: 1
624 timing idealTree:node_modules/npm-check-updates/node_modules/nopt Completed in 1ms
625 timing idealTree:node_modules/npm-check-updates/node_modules/abbrev Completed in 0ms
626 timing idealTree:node_modules/npm-check-updates/node_modules/npm-bundled Completed in 0ms
627 timing idealTree:node_modules/npm-check-updates/node_modules/npm-normalize-package-bin Completed in 0ms
628 silly placeDep node_modules/npm-check-updates validate-npm-package-name@3.0.0 OK for: npm-package-arg@9.0.0 want: ^3.0.0
629 silly fetch manifest builtins@^1.0.3
630 http fetch GET 200 https://registry.npmjs.org/builtins 426ms
631 timing idealTree:node_modules/npm-check-updates/node_modules/npm-package-arg Completed in 432ms
632 silly placeDep node_modules/npm-check-updates ignore-walk@4.0.1 OK for: npm-packlist@3.0.0 want: ^4.0.1
633 timing idealTree:node_modules/npm-check-updates/node_modules/npm-packlist Completed in 1ms
634 silly placeDep node_modules/npm-check-updates/node_modules/ignore-walk minimatch@3.1.2 OK for: ignore-walk@4.0.1 want: ^3.0.4
635 timing idealTree:node_modules/npm-check-updates/node_modules/ignore-walk Completed in 1ms
636 silly placeDep node_modules/npm-check-updates npm-install-checks@4.0.0 OK for: npm-pick-manifest@7.0.0 want: ^4.0.0
637 timing idealTree:node_modules/npm-check-updates/node_modules/npm-pick-manifest Completed in 1ms
638 timing idealTree:node_modules/npm-check-updates/node_modules/npm-install-checks Completed in 0ms
639 silly placeDep node_modules/npm-check-updates minipass-json-stream@1.0.1 OK for: npm-registry-fetch@13.0.1 want: ^1.0.1
640 silly fetch manifest jsonparse@^1.3.1
641 http fetch GET 200 https://registry.npmjs.org/jsonparse 426ms
642 timing idealTree:node_modules/npm-check-updates/node_modules/npm-registry-fetch Completed in 429ms
643 silly placeDep node_modules/npm-check-updates jsonparse@1.3.1 OK for: minipass-json-stream@1.0.1 want: ^1.3.1
644 timing idealTree:node_modules/npm-check-updates/node_modules/minipass-json-stream Completed in 1ms
645 timing idealTree:node_modules/npm-check-updates/node_modules/jsonparse Completed in 0ms
646 silly placeDep node_modules/npm-check-updates are-we-there-yet@3.0.0 OK for: npmlog@6.0.1 want: ^3.0.0
647 silly placeDep node_modules/npm-check-updates console-control-strings@1.1.0 OK for: npmlog@6.0.1 want: ^1.1.0
648 silly placeDep node_modules/npm-check-updates gauge@4.0.2 OK for: npmlog@6.0.1 want: ^4.0.0
649 silly placeDep node_modules/npm-check-updates set-blocking@2.0.0 OK for: npmlog@6.0.1 want: ^2.0.0
650 silly fetch manifest delegates@^1.0.0
651 silly fetch manifest readable-stream@^3.6.0
652 silly fetch manifest ansi-regex@^5.0.1
653 silly fetch manifest aproba@^1.0.3 || ^2.0.0
654 silly fetch manifest color-support@^1.1.3
655 silly fetch manifest has-unicode@^2.0.1
656 silly fetch manifest signal-exit@^3.0.7
657 silly fetch manifest string-width@^4.2.3
658 silly fetch manifest strip-ansi@^6.0.1
659 silly fetch manifest wide-align@^1.1.5
660 http fetch GET 200 https://registry.npmjs.org/delegates 688ms
661 http fetch GET 200 https://registry.npmjs.org/aproba 690ms
662 http fetch GET 200 https://registry.npmjs.org/string-width 686ms
663 http fetch GET 200 https://registry.npmjs.org/color-support 690ms
664 http fetch GET 200 https://registry.npmjs.org/wide-align 686ms
665 http fetch GET 304 https://registry.npmjs.org/ansi-regex 718ms (from cache)
666 http fetch GET 200 https://registry.npmjs.org/signal-exit 820ms
667 http fetch GET 200 https://registry.npmjs.org/readable-stream 826ms
668 http fetch GET 200 https://registry.npmjs.org/strip-ansi 821ms
669 http fetch GET 200 https://registry.npmjs.org/has-unicode 1873ms
670 timing idealTree:node_modules/npm-check-updates/node_modules/npmlog Completed in 1883ms
671 silly placeDep node_modules/npm-check-updates delegates@1.0.0 OK for: are-we-there-yet@3.0.0 want: ^1.0.0
672 silly placeDep node_modules/npm-check-updates readable-stream@3.6.0 OK for: are-we-there-yet@3.0.0 want: ^3.6.0
673 silly fetch manifest string_decoder@^1.1.1
674 silly fetch manifest util-deprecate@^1.0.1
675 http fetch GET 200 https://registry.npmjs.org/util-deprecate 530ms
676 http fetch GET 200 https://registry.npmjs.org/string_decoder 534ms
677 timing idealTree:node_modules/npm-check-updates/node_modules/are-we-there-yet Completed in 537ms
678 timing idealTree:node_modules/npm-check-updates/node_modules/console-control-strings Completed in 0ms
679 timing idealTree:node_modules/npm-check-updates/node_modules/delegates Completed in 0ms
680 silly placeDep node_modules/npm-check-updates ansi-regex@5.0.1 OK for: gauge@4.0.2 want: ^5.0.1
681 silly placeDep node_modules/npm-check-updates aproba@2.0.0 OK for: gauge@4.0.2 want: ^1.0.3 || ^2.0.0
682 silly placeDep node_modules/npm-check-updates color-support@1.1.3 OK for: gauge@4.0.2 want: ^1.1.3
683 silly placeDep node_modules/npm-check-updates has-unicode@2.0.1 OK for: gauge@4.0.2 want: ^2.0.1
684 silly placeDep node_modules/npm-check-updates signal-exit@3.0.7 OK for: gauge@4.0.2 want: ^3.0.7
685 silly placeDep node_modules/npm-check-updates string-width@4.2.3 OK for: gauge@4.0.2 want: ^4.2.3
686 silly placeDep node_modules/npm-check-updates strip-ansi@6.0.1 OK for: gauge@4.0.2 want: ^6.0.1
687 silly placeDep node_modules/npm-check-updates wide-align@1.1.5 OK for: gauge@4.0.2 want: ^1.1.5
688 silly fetch manifest emoji-regex@^8.0.0
689 silly fetch manifest is-fullwidth-code-point@^3.0.0
690 http fetch GET 200 https://registry.npmjs.org/emoji-regex 496ms
691 http fetch GET 200 https://registry.npmjs.org/is-fullwidth-code-point 505ms
692 timing idealTree:node_modules/npm-check-updates/node_modules/gauge Completed in 516ms
693 timing idealTree:node_modules/npm-check-updates/node_modules/ansi-regex Completed in 0ms
694 timing idealTree:node_modules/npm-check-updates/node_modules/aproba Completed in 0ms
695 timing idealTree:node_modules/npm-check-updates/node_modules/color-support Completed in 0ms
696 timing idealTree:node_modules/npm-check-updates/node_modules/has-unicode Completed in 0ms
697 timing idealTree:node_modules/npm-check-updates/node_modules/once Completed in 0ms
698 timing idealTree:node_modules/npm-check-updates/node_modules/parse-github-url Completed in 0ms
699 timing idealTree:node_modules/npm-check-updates/node_modules/path-exists Completed in 0ms
700 timing idealTree:node_modules/npm-check-updates/node_modules/path-is-absolute Completed in 0ms
701 timing idealTree:node_modules/npm-check-updates/node_modules/path-type Completed in 0ms
702 timing idealTree:node_modules/npm-check-updates/node_modules/picomatch Completed in 0ms
703 timing idealTree:node_modules/npm-check-updates/node_modules/proc-log Completed in 0ms
704 timing idealTree:node_modules/npm-check-updates/node_modules/progress Completed in 0ms
705 timing idealTree:node_modules/npm-check-updates/node_modules/promise-inflight Completed in 0ms
706 silly placeDep node_modules/npm-check-updates err-code@2.0.3 OK for: promise-retry@2.0.1 want: ^2.0.2
707 silly placeDep node_modules/npm-check-updates retry@0.12.0 OK for: promise-retry@2.0.1 want: ^0.12.0
708 timing idealTree:node_modules/npm-check-updates/node_modules/promise-retry Completed in 3ms
709 timing idealTree:node_modules/npm-check-updates/node_modules/err-code Completed in 0ms
710 silly placeDep node_modules/npm-check-updates kleur@3.0.3 OK for: prompts@2.4.2 want: ^3.0.3
711 silly placeDep node_modules/npm-check-updates sisteransi@1.0.5 OK for: prompts@2.4.2 want: ^1.0.5
712 timing idealTree:node_modules/npm-check-updates/node_modules/prompts Completed in 4ms
713 timing idealTree:node_modules/npm-check-updates/node_modules/kleur Completed in 0ms
714 silly placeDep node_modules/npm-check-updates js-yaml@4.1.0 OK for: rc-config-loader@4.0.0 want: ^4.0.0
715 silly placeDep node_modules/npm-check-updates json5@2.2.0 OK for: rc-config-loader@4.0.0 want: ^2.1.2
716 silly placeDep node_modules/npm-check-updates require-from-string@2.0.2 OK for: rc-config-loader@4.0.0 want: ^2.0.2
717 silly fetch manifest argparse@^2.0.1
718 silly fetch manifest minimist@^1.2.5
719 http fetch GET 200 https://registry.npmjs.org/argparse 518ms
720 http fetch GET 200 https://registry.npmjs.org/minimist 519ms
721 timing idealTree:node_modules/npm-check-updates/node_modules/rc-config-loader Completed in 529ms
722 silly placeDep node_modules/npm-check-updates argparse@2.0.1 OK for: js-yaml@4.1.0 want: ^2.0.1
723 timing idealTree:node_modules/npm-check-updates/node_modules/js-yaml Completed in 2ms
724 timing idealTree:node_modules/npm-check-updates/node_modules/argparse Completed in 0ms
725 silly placeDep node_modules/npm-check-updates minimist@1.2.5 OK for: json5@2.2.0 want: ^1.2.5
726 timing idealTree:node_modules/npm-check-updates/node_modules/json5 Completed in 1ms
727 timing idealTree:node_modules/npm-check-updates/node_modules/minimist Completed in 0ms
728 silly placeDep node_modules/npm-check-updates json-parse-even-better-errors@2.3.1 OK for: read-package-json@4.1.1 want: ^2.3.0
729 silly placeDep node_modules/npm-check-updates normalize-package-data@3.0.3 OK for: read-package-json@4.1.1 want: ^3.0.0
730 silly fetch manifest is-core-module@^2.5.0
731 silly fetch manifest validate-npm-package-license@^3.0.1
732 http fetch GET 200 https://registry.npmjs.org/validate-npm-package-license 469ms
733 http fetch GET 200 https://registry.npmjs.org/is-core-module 505ms
734 timing idealTree:node_modules/npm-check-updates/node_modules/read-package-json Completed in 510ms
735 timing idealTree:node_modules/npm-check-updates/node_modules/json-parse-even-better-errors Completed in 0ms
736 silly placeDep node_modules/npm-check-updates is-core-module@2.8.1 OK for: normalize-package-data@3.0.3 want: ^2.5.0
737 silly placeDep node_modules/npm-check-updates validate-npm-package-license@3.0.4 OK for: normalize-package-data@3.0.3 want: ^3.0.1
738 silly fetch manifest has@^1.0.3
739 silly fetch manifest spdx-correct@^3.0.0
740 silly fetch manifest spdx-expression-parse@^3.0.0
741 http fetch GET 200 https://registry.npmjs.org/has 461ms
742 http fetch GET 200 https://registry.npmjs.org/spdx-expression-parse 491ms
743 http fetch GET 200 https://registry.npmjs.org/spdx-correct 494ms
744 timing idealTree:node_modules/npm-check-updates/node_modules/normalize-package-data Completed in 499ms
745 silly placeDep node_modules/npm-check-updates has@1.0.3 OK for: is-core-module@2.8.1 want: ^1.0.3
746 silly fetch manifest function-bind@^1.1.1
747 http fetch GET 200 https://registry.npmjs.org/function-bind 1879ms
748 timing idealTree:node_modules/npm-check-updates/node_modules/is-core-module Completed in 1881ms
749 silly placeDep node_modules/npm-check-updates function-bind@1.1.1 OK for: has@1.0.3 want: ^1.1.1
750 timing idealTree:node_modules/npm-check-updates/node_modules/has Completed in 1ms
751 timing idealTree:node_modules/npm-check-updates/node_modules/function-bind Completed in 0ms
752 timing idealTree:node_modules/npm-check-updates/node_modules/read-package-json-fast Completed in 0ms
753 silly placeDep node_modules/npm-check-updates string_decoder@1.3.0 OK for: readable-stream@3.6.0 want: ^1.1.1
754 silly placeDep node_modules/npm-check-updates util-deprecate@1.0.2 OK for: readable-stream@3.6.0 want: ^1.0.1
755 silly fetch manifest safe-buffer@~5.2.0
756 http fetch GET 200 https://registry.npmjs.org/safe-buffer 436ms
757 timing idealTree:node_modules/npm-check-updates/node_modules/readable-stream Completed in 439ms
758 timing idealTree:node_modules/npm-check-updates/node_modules/remote-git-tags Completed in 0ms
759 timing idealTree:node_modules/npm-check-updates/node_modules/require-from-string Completed in 0ms
760 timing idealTree:node_modules/npm-check-updates/node_modules/retry Completed in 0ms
761 timing idealTree:node_modules/npm-check-updates/node_modules/reusify Completed in 0ms
762 timing idealTree:node_modules/npm-check-updates/node_modules/rimraf Completed in 0ms
763 silly placeDep node_modules/npm-check-updates queue-microtask@1.2.3 OK for: run-parallel@1.2.0 want: ^1.2.2
764 timing idealTree:node_modules/npm-check-updates/node_modules/run-parallel Completed in 4ms
765 timing idealTree:node_modules/npm-check-updates/node_modules/queue-microtask Completed in 0ms
766 timing idealTree:node_modules/npm-check-updates/node_modules/safer-buffer Completed in 0ms
767 timing idealTree:node_modules/npm-check-updates/node_modules/semver Completed in 0ms
768 timing idealTree:node_modules/npm-check-updates/node_modules/semver-utils Completed in 0ms
769 timing idealTree:node_modules/npm-check-updates/node_modules/set-blocking Completed in 0ms
770 timing idealTree:node_modules/npm-check-updates/node_modules/signal-exit Completed in 0ms
771 timing idealTree:node_modules/npm-check-updates/node_modules/sisteransi Completed in 0ms
772 timing idealTree:node_modules/npm-check-updates/node_modules/slash Completed in 0ms
773 silly placeDep node_modules/npm-check-updates socks@2.6.2 OK for: socks-proxy-agent@6.1.1 want: ^2.6.1
774 silly fetch manifest ip@^1.1.5
775 silly fetch manifest smart-buffer@^4.2.0
776 http fetch GET 200 https://registry.npmjs.org/ip 445ms
777 http fetch GET 200 https://registry.npmjs.org/smart-buffer 447ms
778 timing idealTree:node_modules/npm-check-updates/node_modules/socks-proxy-agent Completed in 451ms
779 silly placeDep node_modules/npm-check-updates ip@1.1.5 OK for: socks@2.6.2 want: ^1.1.5
780 silly placeDep node_modules/npm-check-updates smart-buffer@4.2.0 OK for: socks@2.6.2 want: ^4.2.0
781 timing idealTree:node_modules/npm-check-updates/node_modules/socks Completed in 2ms
782 timing idealTree:node_modules/npm-check-updates/node_modules/ip Completed in 0ms
783 timing idealTree:node_modules/npm-check-updates/node_modules/smart-buffer Completed in 0ms
784 silly placeDep node_modules/npm-check-updates buffer-from@1.1.2 OK for: source-map-support@0.5.21 want: ^1.0.0
785 silly placeDep node_modules/npm-check-updates source-map@0.6.1 OK for: source-map-support@0.5.21 want: ^0.6.0
786 timing idealTree:node_modules/npm-check-updates/node_modules/source-map-support Completed in 4ms
787 timing idealTree:node_modules/npm-check-updates/node_modules/buffer-from Completed in 0ms
788 timing idealTree:node_modules/npm-check-updates/node_modules/source-map Completed in 0ms
789 timing idealTree:node_modules/npm-check-updates/node_modules/spawn-please Completed in 0ms
790 timing idealTree:node_modules/npm-check-updates/node_modules/ssri Completed in 0ms
791 silly placeDep node_modules/npm-check-updates safe-buffer@5.2.1 OK for: string_decoder@1.3.0 want: ~5.2.0
792 timing idealTree:node_modules/npm-check-updates/node_modules/string_decoder Completed in 2ms
793 timing idealTree:node_modules/npm-check-updates/node_modules/safe-buffer Completed in 0ms
794 silly placeDep node_modules/npm-check-updates emoji-regex@8.0.0 OK for: string-width@4.2.3 want: ^8.0.0
795 silly placeDep node_modules/npm-check-updates is-fullwidth-code-point@3.0.0 OK for: string-width@4.2.3 want: ^3.0.0
796 timing idealTree:node_modules/npm-check-updates/node_modules/string-width Completed in 2ms
797 timing idealTree:node_modules/npm-check-updates/node_modules/emoji-regex Completed in 0ms
798 timing idealTree:node_modules/npm-check-updates/node_modules/is-fullwidth-code-point Completed in 0ms
799 timing idealTree:node_modules/npm-check-updates/node_modules/strip-ansi Completed in 0ms
800 silly placeDep node_modules/npm-check-updates has-flag@4.0.0 OK for: supports-color@7.2.0 want: ^4.0.0
801 timing idealTree:node_modules/npm-check-updates/node_modules/supports-color Completed in 1ms
802 timing idealTree:node_modules/npm-check-updates/node_modules/has-flag Completed in 0ms
803 timing idealTree:node_modules/npm-check-updates/node_modules/tar Completed in 0ms
804 silly placeDep node_modules/npm-check-updates is-number@7.0.0 OK for: to-regex-range@5.0.1 want: ^7.0.0
805 timing idealTree:node_modules/npm-check-updates/node_modules/to-regex-range Completed in 1ms
806 timing idealTree:node_modules/npm-check-updates/node_modules/is-number Completed in 0ms
807 silly placeDep node_modules/npm-check-updates unique-slug@2.0.2 OK for: unique-filename@1.1.1 want: ^2.0.0
808 silly fetch manifest imurmurhash@^0.1.4
809 http fetch GET 200 https://registry.npmjs.org/imurmurhash 1705ms
810 timing idealTree:node_modules/npm-check-updates/node_modules/unique-filename Completed in 1709ms
811 silly placeDep node_modules/npm-check-updates imurmurhash@0.1.4 OK for: unique-slug@2.0.2 want: ^0.1.4
812 timing idealTree:node_modules/npm-check-updates/node_modules/unique-slug Completed in 1ms
813 timing idealTree:node_modules/npm-check-updates/node_modules/imurmurhash Completed in 0ms
814 silly placeDep node_modules/npm-check-updates boxen@5.1.2 OK for: update-notifier@5.1.0 want: ^5.0.0
815 silly placeDep node_modules/npm-check-updates configstore@5.0.1 OK for: update-notifier@5.1.0 want: ^5.0.1
816 silly placeDep node_modules/npm-check-updates has-yarn@2.1.0 OK for: update-notifier@5.1.0 want: ^2.1.0
817 silly placeDep node_modules/npm-check-updates import-lazy@2.1.0 OK for: update-notifier@5.1.0 want: ^2.1.0
818 silly placeDep node_modules/npm-check-updates is-ci@2.0.0 OK for: update-notifier@5.1.0 want: ^2.0.0
819 silly placeDep node_modules/npm-check-updates is-installed-globally@0.4.0 OK for: update-notifier@5.1.0 want: ^0.4.0
820 silly placeDep node_modules/npm-check-updates is-npm@5.0.0 OK for: update-notifier@5.1.0 want: ^5.0.0
821 silly placeDep node_modules/npm-check-updates is-yarn-global@0.3.0 OK for: update-notifier@5.1.0 want: ^0.3.0
822 silly placeDep node_modules/npm-check-updates latest-version@5.1.0 OK for: update-notifier@5.1.0 want: ^5.1.0
823 silly placeDep node_modules/npm-check-updates pupa@2.1.1 OK for: update-notifier@5.1.0 want: ^2.1.1
824 silly placeDep node_modules/npm-check-updates semver-diff@3.1.1 OK for: update-notifier@5.1.0 want: ^3.1.1
825 silly placeDep node_modules/npm-check-updates xdg-basedir@4.0.0 OK for: update-notifier@5.1.0 want: ^4.0.0
826 silly fetch manifest ansi-align@^3.0.0
827 silly fetch manifest camelcase@^6.2.0
828 silly fetch manifest cli-boxes@^2.2.1
829 silly fetch manifest type-fest@^0.20.2
830 silly fetch manifest widest-line@^3.1.0
831 silly fetch manifest wrap-ansi@^7.0.0
832 silly fetch manifest dot-prop@^5.2.0
833 silly fetch manifest make-dir@^3.0.0
834 silly fetch manifest unique-string@^2.0.0
835 silly fetch manifest write-file-atomic@^3.0.0
836 silly fetch manifest ci-info@^2.0.0
837 silly fetch manifest global-dirs@^3.0.0
838 silly fetch manifest is-path-inside@^3.0.2
839 silly fetch manifest package-json@^6.3.0
840 silly fetch manifest escape-goat@^2.0.0
841 silly fetch manifest semver@^6.3.0
842 http fetch GET 200 https://registry.npmjs.org/unique-string 483ms
843 http fetch GET 200 https://registry.npmjs.org/wrap-ansi 487ms
844 http fetch GET 200 https://registry.npmjs.org/camelcase 498ms
845 http fetch GET 200 https://registry.npmjs.org/make-dir 489ms
846 http fetch GET 200 https://registry.npmjs.org/widest-line 505ms
847 http fetch GET 200 https://registry.npmjs.org/ansi-align 523ms
848 http fetch GET 200 https://registry.npmjs.org/type-fest 652ms
849 http fetch GET 200 https://registry.npmjs.org/is-path-inside 986ms
850 http fetch GET 200 https://registry.npmjs.org/package-json 1032ms
851 http fetch GET 200 https://registry.npmjs.org/dot-prop 1843ms
852 http fetch GET 200 https://registry.npmjs.org/cli-boxes 1938ms
853 http fetch GET 200 https://registry.npmjs.org/write-file-atomic 1926ms
854 http fetch GET 200 https://registry.npmjs.org/global-dirs 1939ms
855 http fetch GET 200 https://registry.npmjs.org/ci-info 1941ms
856 http fetch GET 200 https://registry.npmjs.org/escape-goat 2298ms
857 timing idealTree:node_modules/npm-check-updates/node_modules/update-notifier Completed in 2336ms
858 silly placeDep node_modules/npm-check-updates ansi-align@3.0.1 OK for: boxen@5.1.2 want: ^3.0.0
859 silly placeDep node_modules/npm-check-updates camelcase@6.3.0 OK for: boxen@5.1.2 want: ^6.2.0
860 silly placeDep node_modules/npm-check-updates cli-boxes@2.2.1 OK for: boxen@5.1.2 want: ^2.2.1
861 silly placeDep node_modules/npm-check-updates type-fest@0.20.2 OK for: boxen@5.1.2 want: ^0.20.2
862 silly placeDep node_modules/npm-check-updates widest-line@3.1.0 OK for: boxen@5.1.2 want: ^3.1.0
863 silly placeDep node_modules/npm-check-updates wrap-ansi@7.0.0 OK for: boxen@5.1.2 want: ^7.0.0
864 timing idealTree:node_modules/npm-check-updates/node_modules/boxen Completed in 4ms
865 timing idealTree:node_modules/npm-check-updates/node_modules/ansi-align Completed in 0ms
866 timing idealTree:node_modules/npm-check-updates/node_modules/camelcase Completed in 0ms
867 timing idealTree:node_modules/npm-check-updates/node_modules/cli-boxes Completed in 0ms
868 silly placeDep node_modules/npm-check-updates dot-prop@5.3.0 OK for: configstore@5.0.1 want: ^5.2.0
869 silly placeDep node_modules/npm-check-updates make-dir@3.1.0 OK for: configstore@5.0.1 want: ^3.0.0
870 silly placeDep node_modules/npm-check-updates unique-string@2.0.0 OK for: configstore@5.0.1 want: ^2.0.0
871 silly placeDep node_modules/npm-check-updates write-file-atomic@3.0.3 OK for: configstore@5.0.1 want: ^3.0.0
872 silly fetch manifest is-obj@^2.0.0
873 silly fetch manifest semver@^6.0.0
874 silly fetch manifest crypto-random-string@^2.0.0
875 silly fetch manifest is-typedarray@^1.0.0
876 silly fetch manifest typedarray-to-buffer@^3.1.5
877 http fetch GET 200 https://registry.npmjs.org/typedarray-to-buffer 523ms
878 http fetch GET 200 https://registry.npmjs.org/crypto-random-string 525ms
879 http fetch GET 200 https://registry.npmjs.org/is-typedarray 1745ms
880 http fetch GET 200 https://registry.npmjs.org/is-obj 1776ms
881 timing idealTree:node_modules/npm-check-updates/node_modules/configstore Completed in 1780ms
882 silly placeDep node_modules/npm-check-updates is-obj@2.0.0 OK for: dot-prop@5.3.0 want: ^2.0.0
883 timing idealTree:node_modules/npm-check-updates/node_modules/dot-prop Completed in 1ms
884 timing idealTree:node_modules/npm-check-updates/node_modules/has-yarn Completed in 0ms
885 timing idealTree:node_modules/npm-check-updates/node_modules/import-lazy Completed in 0ms
886 silly placeDep node_modules/npm-check-updates ci-info@2.0.0 OK for: is-ci@2.0.0 want: ^2.0.0
887 timing idealTree:node_modules/npm-check-updates/node_modules/is-ci Completed in 1ms
888 timing idealTree:node_modules/npm-check-updates/node_modules/ci-info Completed in 0ms
889 silly placeDep node_modules/npm-check-updates global-dirs@3.0.0 OK for: is-installed-globally@0.4.0 want: ^3.0.0
890 silly placeDep node_modules/npm-check-updates is-path-inside@3.0.3 OK for: is-installed-globally@0.4.0 want: ^3.0.2
891 silly fetch manifest ini@2.0.0
892 timing idealTree:node_modules/npm-check-updates/node_modules/is-installed-globally Completed in 2ms
893 silly placeDep node_modules/npm-check-updates/node_modules/global-dirs ini@2.0.0 OK for: global-dirs@3.0.0 want: 2.0.0
894 timing idealTree:node_modules/npm-check-updates/node_modules/global-dirs Completed in 1ms
895 timing idealTree:node_modules/npm-check-updates/node_modules/is-npm Completed in 0ms
896 timing idealTree:node_modules/npm-check-updates/node_modules/is-obj Completed in 0ms
897 timing idealTree:node_modules/npm-check-updates/node_modules/is-path-inside Completed in 0ms
898 timing idealTree:node_modules/npm-check-updates/node_modules/is-yarn-global Completed in 0ms
899 silly placeDep node_modules/npm-check-updates package-json@6.5.0 OK for: latest-version@5.1.0 want: ^6.3.0
900 silly fetch manifest got@^9.6.0
901 silly fetch manifest registry-auth-token@^4.0.0
902 silly fetch manifest registry-url@^5.0.0
903 silly fetch manifest semver@^6.2.0
904 http fetch GET 200 https://registry.npmjs.org/registry-url 442ms
905 http fetch GET 200 https://registry.npmjs.org/registry-auth-token 467ms
906 http fetch GET 200 https://registry.npmjs.org/got 1981ms
907 timing idealTree:node_modules/npm-check-updates/node_modules/latest-version Completed in 1989ms
908 silly placeDep node_modules/npm-check-updates/node_modules/make-dir semver@6.3.0 OK for: make-dir@3.1.0 want: ^6.0.0
909 timing idealTree:node_modules/npm-check-updates/node_modules/make-dir Completed in 1ms
910 silly placeDep node_modules/npm-check-updates got@9.6.0 OK for: package-json@6.5.0 want: ^9.6.0
911 silly placeDep node_modules/npm-check-updates registry-auth-token@4.2.1 OK for: package-json@6.5.0 want: ^4.0.0
912 silly placeDep node_modules/npm-check-updates registry-url@5.1.0 OK for: package-json@6.5.0 want: ^5.0.0
913 silly placeDep node_modules/npm-check-updates/node_modules/package-json semver@6.3.0 OK for: package-json@6.5.0 want: ^6.2.0
914 silly fetch manifest @sindresorhus/is@^0.14.0
915 silly fetch manifest @szmarczak/http-timer@^1.1.2
916 silly fetch manifest cacheable-request@^6.0.0
917 silly fetch manifest decompress-response@^3.3.0
918 silly fetch manifest duplexer3@^0.1.4
919 silly fetch manifest get-stream@^4.1.0
920 silly fetch manifest lowercase-keys@^1.0.1
921 silly fetch manifest mimic-response@^1.0.1
922 silly fetch manifest p-cancelable@^1.0.0
923 silly fetch manifest to-readable-stream@^1.0.0
924 silly fetch manifest url-parse-lax@^3.0.0
925 silly fetch manifest rc@^1.2.8
926 http fetch GET 200 https://registry.npmjs.org/get-stream 1086ms
927 http fetch GET 200 https://registry.npmjs.org/decompress-response 1090ms
928 http fetch GET 200 https://registry.npmjs.org/mimic-response 1087ms
929 http fetch GET 200 https://registry.npmjs.org/to-readable-stream 1102ms
930 http fetch GET 200 https://registry.npmjs.org/url-parse-lax 1112ms
931 http fetch GET 200 https://registry.npmjs.org/rc 1112ms
932 http fetch GET 200 https://registry.npmjs.org/lowercase-keys 1740ms
933 http fetch GET 200 https://registry.npmjs.org/duplexer3 1745ms
934 http fetch GET 200 https://registry.npmjs.org/p-cancelable 1759ms
935 http fetch GET 200 https://registry.npmjs.org/cacheable-request 1768ms
936 http fetch GET 200 https://registry.npmjs.org/@sindresorhus%2Fis 3378ms
937 http fetch GET 200 https://registry.npmjs.org/@szmarczak%2Fhttp-timer 3400ms
938 timing idealTree:node_modules/npm-check-updates/node_modules/package-json Completed in 3405ms
939 silly placeDep node_modules/npm-check-updates @sindresorhus/is@0.14.0 OK for: got@9.6.0 want: ^0.14.0
940 silly placeDep node_modules/npm-check-updates @szmarczak/http-timer@1.1.2 OK for: got@9.6.0 want: ^1.1.2
941 silly placeDep node_modules/npm-check-updates cacheable-request@6.1.0 OK for: got@9.6.0 want: ^6.0.0
942 silly placeDep node_modules/npm-check-updates decompress-response@3.3.0 OK for: got@9.6.0 want: ^3.3.0
943 silly placeDep node_modules/npm-check-updates duplexer3@0.1.4 OK for: got@9.6.0 want: ^0.1.4
944 silly placeDep node_modules/npm-check-updates get-stream@4.1.0 OK for: got@9.6.0 want: ^4.1.0
945 silly placeDep node_modules/npm-check-updates lowercase-keys@1.0.1 OK for: got@9.6.0 want: ^1.0.1
946 silly placeDep node_modules/npm-check-updates mimic-response@1.0.1 OK for: got@9.6.0 want: ^1.0.1
947 silly placeDep node_modules/npm-check-updates p-cancelable@1.1.0 OK for: got@9.6.0 want: ^1.0.0
948 silly placeDep node_modules/npm-check-updates to-readable-stream@1.0.0 OK for: got@9.6.0 want: ^1.0.0
949 silly placeDep node_modules/npm-check-updates url-parse-lax@3.0.0 OK for: got@9.6.0 want: ^3.0.0
950 silly fetch manifest defer-to-connect@^1.0.1
951 silly fetch manifest clone-response@^1.0.2
952 silly fetch manifest get-stream@^5.1.0
953 silly fetch manifest keyv@^3.0.0
954 silly fetch manifest lowercase-keys@^2.0.0
955 silly fetch manifest normalize-url@^4.1.0
956 silly fetch manifest responselike@^1.0.2
957 silly fetch manifest pump@^3.0.0
958 silly fetch manifest prepend-http@^2.0.0
959 http fetch GET 200 https://registry.npmjs.org/prepend-http 582ms
960 http fetch GET 200 https://registry.npmjs.org/pump 587ms
961 http fetch GET 200 https://registry.npmjs.org/keyv 593ms
962 http fetch GET 200 https://registry.npmjs.org/normalize-url 593ms
963 http fetch GET 200 https://registry.npmjs.org/responselike 1794ms
964 http fetch GET 200 https://registry.npmjs.org/clone-response 1800ms
965 http fetch GET 200 https://registry.npmjs.org/defer-to-connect 1814ms
966 timing idealTree:node_modules/npm-check-updates/node_modules/got Completed in 1824ms
967 timing idealTree:node_modules/npm-check-updates/node_modules/@sindresorhus/is Completed in 0ms
968 silly placeDep node_modules/npm-check-updates defer-to-connect@1.1.3 OK for: @szmarczak/http-timer@1.1.2 want: ^1.0.1
969 timing idealTree:node_modules/npm-check-updates/node_modules/@szmarczak/http-timer Completed in 1ms
970 silly placeDep node_modules/npm-check-updates clone-response@1.0.2 OK for: cacheable-request@6.1.0 want: ^1.0.2
971 silly placeDep node_modules/npm-check-updates/node_modules/cacheable-request get-stream@5.2.0 OK for: cacheable-request@6.1.0 want: ^5.1.0
972 silly placeDep node_modules/npm-check-updates keyv@3.1.0 OK for: cacheable-request@6.1.0 want: ^3.0.0
973 silly placeDep node_modules/npm-check-updates/node_modules/cacheable-request lowercase-keys@2.0.0 OK for: cacheable-request@6.1.0 want: ^2.0.0
974 silly placeDep node_modules/npm-check-updates normalize-url@4.5.1 OK for: cacheable-request@6.1.0 want: ^4.1.0
975 silly placeDep node_modules/npm-check-updates responselike@1.0.2 OK for: cacheable-request@6.1.0 want: ^1.0.2
976 silly fetch manifest json-buffer@3.0.0
977 http fetch GET 200 https://registry.npmjs.org/json-buffer 514ms
978 timing idealTree:node_modules/npm-check-updates/node_modules/cacheable-request Completed in 524ms
979 timing idealTree:node_modules/npm-check-updates/node_modules/clone-response Completed in 0ms
980 timing idealTree:node_modules/npm-check-updates/node_modules/decompress-response Completed in 0ms
981 timing idealTree:node_modules/npm-check-updates/node_modules/defer-to-connect Completed in 0ms
982 timing idealTree:node_modules/npm-check-updates/node_modules/duplexer3 Completed in 0ms
983 silly placeDep node_modules/npm-check-updates pump@3.0.0 OK for: get-stream@4.1.0 want: ^3.0.0
984 silly fetch manifest end-of-stream@^1.1.0
985 http fetch GET 200 https://registry.npmjs.org/end-of-stream 604ms
986 timing idealTree:node_modules/npm-check-updates/node_modules/get-stream Completed in 607ms
987 silly placeDep node_modules/npm-check-updates json-buffer@3.0.0 OK for: keyv@3.1.0 want: 3.0.0
988 timing idealTree:node_modules/npm-check-updates/node_modules/keyv Completed in 1ms
989 timing idealTree:node_modules/npm-check-updates/node_modules/json-buffer Completed in 0ms
990 timing idealTree:node_modules/npm-check-updates/node_modules/lowercase-keys Completed in 0ms
991 timing idealTree:node_modules/npm-check-updates/node_modules/mimic-response Completed in 0ms
992 timing idealTree:node_modules/npm-check-updates/node_modules/normalize-url Completed in 0ms
993 timing idealTree:node_modules/npm-check-updates/node_modules/p-cancelable Completed in 0ms
994 silly placeDep node_modules/npm-check-updates end-of-stream@1.4.4 OK for: pump@3.0.0 want: ^1.1.0
995 timing idealTree:node_modules/npm-check-updates/node_modules/pump Completed in 1ms
996 timing idealTree:node_modules/npm-check-updates/node_modules/end-of-stream Completed in 0ms
997 silly placeDep node_modules/npm-check-updates escape-goat@2.1.1 OK for: pupa@2.1.1 want: ^2.0.0
998 timing idealTree:node_modules/npm-check-updates/node_modules/pupa Completed in 0ms
999 timing idealTree:node_modules/npm-check-updates/node_modules/escape-goat Completed in 0ms
1000 silly placeDep node_modules/npm-check-updates rc@1.2.8 OK for: registry-auth-token@4.2.1 want: ^1.2.8
1001 silly fetch manifest deep-extend@^0.6.0
1002 silly fetch manifest strip-json-comments@~2.0.1
1003 http fetch GET 200 https://registry.npmjs.org/strip-json-comments 461ms
1004 http fetch GET 200 https://registry.npmjs.org/deep-extend 1690ms
1005 timing idealTree:node_modules/npm-check-updates/node_modules/registry-auth-token Completed in 1692ms
1006 silly placeDep node_modules/npm-check-updates deep-extend@0.6.0 OK for: rc@1.2.8 want: ^0.6.0
1007 silly placeDep node_modules/npm-check-updates strip-json-comments@2.0.1 OK for: rc@1.2.8 want: ~2.0.1
1008 timing idealTree:node_modules/npm-check-updates/node_modules/rc Completed in 2ms
1009 timing idealTree:node_modules/npm-check-updates/node_modules/deep-extend Completed in 0ms
1010 timing idealTree:node_modules/npm-check-updates/node_modules/registry-url Completed in 0ms
1011 timing idealTree:node_modules/npm-check-updates/node_modules/responselike Completed in 0ms
1012 silly placeDep node_modules/npm-check-updates/node_modules/semver-diff semver@6.3.0 OK for: semver-diff@3.1.1 want: ^6.3.0
1013 timing idealTree:node_modules/npm-check-updates/node_modules/semver-diff Completed in 1ms
1014 timing idealTree:node_modules/npm-check-updates/node_modules/strip-json-comments Completed in 0ms
1015 timing idealTree:node_modules/npm-check-updates/node_modules/to-readable-stream Completed in 0ms
1016 timing idealTree:node_modules/npm-check-updates/node_modules/type-fest Completed in 0ms
1017 silly placeDep node_modules/npm-check-updates crypto-random-string@2.0.0 OK for: unique-string@2.0.0 want: ^2.0.0
1018 timing idealTree:node_modules/npm-check-updates/node_modules/unique-string Completed in 1ms
1019 timing idealTree:node_modules/npm-check-updates/node_modules/crypto-random-string Completed in 0ms
1020 silly placeDep node_modules/npm-check-updates prepend-http@2.0.0 OK for: url-parse-lax@3.0.0 want: ^2.0.0
1021 timing idealTree:node_modules/npm-check-updates/node_modules/url-parse-lax Completed in 1ms
1022 timing idealTree:node_modules/npm-check-updates/node_modules/prepend-http Completed in 0ms
1023 timing idealTree:node_modules/npm-check-updates/node_modules/util-deprecate Completed in 0ms
1024 silly placeDep node_modules/npm-check-updates spdx-correct@3.1.1 OK for: validate-npm-package-license@3.0.4 want: ^3.0.0
1025 silly placeDep node_modules/npm-check-updates spdx-expression-parse@3.0.1 OK for: validate-npm-package-license@3.0.4 want: ^3.0.0
1026 silly fetch manifest spdx-license-ids@^3.0.0
1027 silly fetch manifest spdx-exceptions@^2.1.0
1028 http fetch GET 200 https://registry.npmjs.org/spdx-license-ids 825ms
1029 http fetch GET 200 https://registry.npmjs.org/spdx-exceptions 1797ms
1030 timing idealTree:node_modules/npm-check-updates/node_modules/validate-npm-package-license Completed in 1801ms
1031 silly placeDep node_modules/npm-check-updates spdx-license-ids@3.0.11 OK for: spdx-correct@3.1.1 want: ^3.0.0
1032 timing idealTree:node_modules/npm-check-updates/node_modules/spdx-correct Completed in 1ms
1033 silly placeDep node_modules/npm-check-updates spdx-exceptions@2.3.0 OK for: spdx-expression-parse@3.0.1 want: ^2.1.0
1034 timing idealTree:node_modules/npm-check-updates/node_modules/spdx-expression-parse Completed in 1ms
1035 timing idealTree:node_modules/npm-check-updates/node_modules/spdx-exceptions Completed in 1ms
1036 timing idealTree:node_modules/npm-check-updates/node_modules/spdx-license-ids Completed in 0ms
1037 silly placeDep node_modules/npm-check-updates builtins@1.0.3 OK for: validate-npm-package-name@3.0.0 want: ^1.0.3
1038 timing idealTree:node_modules/npm-check-updates/node_modules/validate-npm-package-name Completed in 1ms
1039 timing idealTree:node_modules/npm-check-updates/node_modules/builtins Completed in 0ms
1040 silly placeDep node_modules/npm-check-updates isexe@2.0.0 OK for: which@2.0.2 want: ^2.0.0
1041 timing idealTree:node_modules/npm-check-updates/node_modules/which Completed in 0ms
1042 timing idealTree:node_modules/npm-check-updates/node_modules/isexe Completed in 0ms
1043 timing idealTree:node_modules/npm-check-updates/node_modules/wide-align Completed in 0ms
1044 timing idealTree:node_modules/npm-check-updates/node_modules/widest-line Completed in 0ms
1045 timing idealTree:node_modules/npm-check-updates/node_modules/wrap-ansi Completed in 0ms
1046 timing idealTree:node_modules/npm-check-updates/node_modules/wrappy Completed in 0ms
1047 silly placeDep node_modules/npm-check-updates is-typedarray@1.0.0 OK for: write-file-atomic@3.0.3 want: ^1.0.0
1048 silly placeDep node_modules/npm-check-updates typedarray-to-buffer@3.1.5 OK for: write-file-atomic@3.0.3 want: ^3.1.5
1049 timing idealTree:node_modules/npm-check-updates/node_modules/write-file-atomic Completed in 2ms
1050 timing idealTree:node_modules/npm-check-updates/node_modules/is-typedarray Completed in 0ms
1051 timing idealTree:node_modules/npm-check-updates/node_modules/typedarray-to-buffer Completed in 0ms
1052 timing idealTree:node_modules/npm-check-updates/node_modules/xdg-basedir Completed in 0ms
1053 timing idealTree:node_modules/npm-check-updates/node_modules/yallist Completed in 0ms
1054 timing idealTree:node_modules/npm-check-updates/node_modules/yaml Completed in 0ms
1055 timing idealTree:node_modules/npm-check-updates/node_modules/yocto-queue Completed in 0ms
1056 timing idealTree:node_modules/npm-check-updates/node_modules/@npmcli/git/node_modules/lru-cache Completed in 0ms
1057 timing idealTree:node_modules/npm-check-updates/node_modules/cacheable-request/node_modules/get-stream Completed in 0ms
1058 timing idealTree:node_modules/npm-check-updates/node_modules/cacheable-request/node_modules/lowercase-keys Completed in 0ms
1059 silly placeDep node_modules/npm-check-updates/node_modules/glob brace-expansion@1.1.11 OK for: minimatch@3.1.2 want: ^1.1.7
1060 silly fetch manifest concat-map@0.0.1
1061 http fetch GET 200 https://registry.npmjs.org/concat-map 572ms
1062 timing idealTree:node_modules/npm-check-updates/node_modules/glob/node_modules/minimatch Completed in 576ms
1063 silly placeDep node_modules/npm-check-updates concat-map@0.0.1 OK for: brace-expansion@1.1.11 want: 0.0.1
1064 timing idealTree:node_modules/npm-check-updates/node_modules/glob/node_modules/brace-expansion Completed in 0ms
1065 timing idealTree:node_modules/npm-check-updates/node_modules/concat-map Completed in 0ms
1066 timing idealTree:node_modules/npm-check-updates/node_modules/global-dirs/node_modules/ini Completed in 0ms
1067 silly placeDep node_modules/npm-check-updates/node_modules/ignore-walk brace-expansion@1.1.11 OK for: minimatch@3.1.2 want: ^1.1.7
1068 timing idealTree:node_modules/npm-check-updates/node_modules/ignore-walk/node_modules/minimatch Completed in 1ms
1069 timing idealTree:node_modules/npm-check-updates/node_modules/ignore-walk/node_modules/brace-expansion Completed in 0ms
1070 silly placeDep node_modules/npm-check-updates/node_modules/libnpmconfig locate-path@3.0.0 OK for: find-up@3.0.0 want: ^3.0.0
1071 silly fetch manifest p-locate@^3.0.0
1072 silly fetch manifest path-exists@^3.0.0
1073 timing idealTree:node_modules/npm-check-updates/node_modules/libnpmconfig/node_modules/find-up Completed in 2ms
1074 silly placeDep node_modules/npm-check-updates/node_modules/libnpmconfig p-locate@3.0.0 OK for: locate-path@3.0.0 want: ^3.0.0
1075 silly placeDep node_modules/npm-check-updates/node_modules/libnpmconfig path-exists@3.0.0 OK for: locate-path@3.0.0 want: ^3.0.0
1076 silly fetch manifest p-limit@^2.0.0
1077 timing idealTree:node_modules/npm-check-updates/node_modules/libnpmconfig/node_modules/locate-path Completed in 2ms
1078 silly placeDep node_modules/npm-check-updates/node_modules/libnpmconfig p-limit@2.3.0 OK for: p-locate@3.0.0 want: ^2.0.0
1079 silly fetch manifest p-try@^2.0.0
1080 http fetch GET 200 https://registry.npmjs.org/p-try 463ms
1081 timing idealTree:node_modules/npm-check-updates/node_modules/libnpmconfig/node_modules/p-locate Completed in 465ms
1082 silly placeDep node_modules/npm-check-updates p-try@2.2.0 OK for: p-limit@2.3.0 want: ^2.0.0
1083 timing idealTree:node_modules/npm-check-updates/node_modules/libnpmconfig/node_modules/p-limit Completed in 1ms
1084 timing idealTree:node_modules/npm-check-updates/node_modules/p-try Completed in 0ms
1085 timing idealTree:node_modules/npm-check-updates/node_modules/libnpmconfig/node_modules/path-exists Completed in 0ms
1086 timing idealTree:node_modules/npm-check-updates/node_modules/make-dir/node_modules/semver Completed in 0ms
1087 timing idealTree:node_modules/npm-check-updates/node_modules/make-fetch-happen/node_modules/lru-cache Completed in 0ms
1088 timing idealTree:node_modules/npm-check-updates/node_modules/package-json/node_modules/semver Completed in 0ms
1089 timing idealTree:node_modules/npm-check-updates/node_modules/semver-diff/node_modules/semver Completed in 0ms
1090 timing idealTree:buildDeps Completed in 323538ms
1091 timing idealTree:fixDepFlags Completed in 4ms
1092 warn EBADENGINE Unsupported engine {
1092 warn EBADENGINE   package: 'pacote@13.0.3',
1092 warn EBADENGINE   required: { node: '^12.13.0 || ^14.15.0 || >=16' },
1092 warn EBADENGINE   current: { node: 'v15.14.0', npm: '7.7.6' }
1092 warn EBADENGINE }
1093 warn EBADENGINE Unsupported engine {
1093 warn EBADENGINE   package: '@npmcli/git@3.0.0',
1093 warn EBADENGINE   required: { node: '^12.13.0 || ^14.15.0 || >=16' },
1093 warn EBADENGINE   current: { node: 'v15.14.0', npm: '7.7.6' }
1093 warn EBADENGINE }
1094 warn EBADENGINE Unsupported engine {
1094 warn EBADENGINE   package: '@npmcli/run-script@3.0.1',
1094 warn EBADENGINE   required: { node: '^12.13.0 || ^14.15.0 || >=16' },
1094 warn EBADENGINE   current: { node: 'v15.14.0', npm: '7.7.6' }
1094 warn EBADENGINE }
1095 warn EBADENGINE Unsupported engine {
1095 warn EBADENGINE   package: 'npm-package-arg@9.0.0',
1095 warn EBADENGINE   required: { node: '^12.13.0 || ^14.15.0 || >=16' },
1095 warn EBADENGINE   current: { node: 'v15.14.0', npm: '7.7.6' }
1095 warn EBADENGINE }
1096 warn EBADENGINE Unsupported engine {
1096 warn EBADENGINE   package: 'npm-pick-manifest@7.0.0',
1096 warn EBADENGINE   required: { node: '^12.13.0 || ^14.15.0 || >=16' },
1096 warn EBADENGINE   current: { node: 'v15.14.0', npm: '7.7.6' }
1096 warn EBADENGINE }
1097 warn EBADENGINE Unsupported engine {
1097 warn EBADENGINE   package: 'npm-registry-fetch@13.0.1',
1097 warn EBADENGINE   required: { node: '^12.13.0 || ^14.15.0 || >=16' },
1097 warn EBADENGINE   current: { node: 'v15.14.0', npm: '7.7.6' }
1097 warn EBADENGINE }
1098 warn EBADENGINE Unsupported engine {
1098 warn EBADENGINE   package: 'proc-log@2.0.0',
1098 warn EBADENGINE   required: { node: '^12.13.0 || ^14.15.0 || >=16' },
1098 warn EBADENGINE   current: { node: 'v15.14.0', npm: '7.7.6' }
1098 warn EBADENGINE }
1099 warn EBADENGINE Unsupported engine {
1099 warn EBADENGINE   package: 'node-gyp@9.0.0',
1099 warn EBADENGINE   required: { node: '^12.22 || ^14.13 || >=16' },
1099 warn EBADENGINE   current: { node: 'v15.14.0', npm: '7.7.6' }
1099 warn EBADENGINE }
1100 warn EBADENGINE Unsupported engine {
1100 warn EBADENGINE   package: 'make-fetch-happen@10.0.4',
1100 warn EBADENGINE   required: { node: '^12.13.0 || ^14.15.0 || >=16' },
1100 warn EBADENGINE   current: { node: 'v15.14.0', npm: '7.7.6' }
1100 warn EBADENGINE }
1101 warn EBADENGINE Unsupported engine {
1101 warn EBADENGINE   package: 'npmlog@6.0.1',
1101 warn EBADENGINE   required: { node: '^12.13.0 || ^14.15.0 || >=16' },
1101 warn EBADENGINE   current: { node: 'v15.14.0', npm: '7.7.6' }
1101 warn EBADENGINE }
1102 warn EBADENGINE Unsupported engine {
1102 warn EBADENGINE   package: 'minipass-fetch@2.0.2',
1102 warn EBADENGINE   required: { node: '^12.13.0 || ^14.15.0 || >=16' },
1102 warn EBADENGINE   current: { node: 'v15.14.0', npm: '7.7.6' }
1102 warn EBADENGINE }
1103 warn EBADENGINE Unsupported engine {
1103 warn EBADENGINE   package: 'are-we-there-yet@3.0.0',
1103 warn EBADENGINE   required: { node: '^12.13.0 || ^14.15.0 || >=16' },
1103 warn EBADENGINE   current: { node: 'v15.14.0', npm: '7.7.6' }
1103 warn EBADENGINE }
1104 warn EBADENGINE Unsupported engine {
1104 warn EBADENGINE   package: 'gauge@4.0.2',
1104 warn EBADENGINE   required: { node: '^12.13.0 || ^14.15.0 || >=16' },
1104 warn EBADENGINE   current: { node: 'v15.14.0', npm: '7.7.6' }
1104 warn EBADENGINE }
1105 timing idealTree Completed in 323574ms
1106 timing reify:loadTrees Completed in 323599ms
1107 timing reify:diffTrees Completed in 9ms
1108 silly reify moves {}
1109 timing reify:retireShallow Completed in 1ms
1110 timing reify:rollback:createSparse Completed in 0ms
1111 timing reify:rollback:retireShallow Completed in 0ms
1112 timing command:install Completed in 323664ms
1113 verbose stack Error: EACCES: permission denied, mkdir '/usr/lib/node_modules/npm-check-updates'
1114 verbose cwd /home/manueltechs/Desktop/Final Project/water-management
1115 verbose Linux 5.13.0-28-generic
1116 verbose argv "/usr/bin/node" "/usr/bin/npm" "i" "-g" "npm-check-updates"
1117 verbose node v15.14.0
1118 verbose npm  v7.7.6
1119 error code EACCES
1120 error syscall mkdir
1121 error path /usr/lib/node_modules/npm-check-updates
1122 error errno -13
1123 error Error: EACCES: permission denied, mkdir '/usr/lib/node_modules/npm-check-updates'
1123 error  [Error: EACCES: permission denied, mkdir '/usr/lib/node_modules/npm-check-updates'] {
1123 error   errno: -13,
1123 error   code: 'EACCES',
1123 error   syscall: 'mkdir',
1123 error   path: '/usr/lib/node_modules/npm-check-updates'
1123 error }
1124 error The operation was rejected by your operating system.
1124 error It is likely you do not have the permissions to access this file as the current user
1124 error
1124 error If you believe this might be a permissions issue, please double-check the
1124 error permissions of the file and its containing directories, or try running
1124 error the command again as root/Administrator.
1125 verbose exit -13
