0 verbose cli [
0 verbose cli   '/usr/bin/node',
0 verbose cli   '/usr/bin/npm',
0 verbose cli   'install',
0 verbose cli   '--ignore-scripts',
0 verbose cli   'types-registry@latest'
0 verbose cli ]
1 info using npm@7.7.6
2 info using node@v15.14.0
3 timing npm:load:whichnode Completed in 1ms
4 timing config:load:defaults Completed in 3ms
5 timing config:load:file:/usr/lib/node_modules/npm/npmrc Completed in 6ms
6 timing config:load:builtin Completed in 6ms
7 timing config:load:cli Completed in 7ms
8 timing config:load:env Completed in 1ms
9 timing config:load:file:/home/manueltechs/.cache/typescript/4.6/.npmrc Completed in 0ms
10 timing config:load:project Completed in 1ms
11 timing config:load:file:/home/manueltechs/.npmrc Completed in 16ms
12 timing config:load:user Completed in 16ms
13 timing config:load:file:/usr/etc/npmrc Completed in 0ms
14 timing config:load:global Completed in 0ms
15 timing config:load:validate Completed in 81ms
16 timing config:load:setEnvs Completed in 1ms
17 timing config:load Completed in 116ms
18 timing npm:load:configload Completed in 116ms
19 timing npm:load:setTitle Completed in 1ms
20 timing npm:load:setupLog Completed in 1ms
21 timing npm:load:cleanupLog Completed in 3ms
22 timing npm:load:configScope Completed in 0ms
23 timing npm:load:projectScope Completed in 29ms
24 timing npm:load Completed in 152ms
25 timing config:load:flatten Completed in 3ms
26 timing arborist:ctor Completed in 0ms
27 timing arborist:ctor Completed in 0ms
28 timing idealTree:init Completed in 72ms
29 timing idealTree Completed in 10740ms
30 timing command:install Completed in 10745ms
31 verbose type system
32 verbose stack FetchError: request to http://registry.npmjs.org/types-registry failed, reason: getaddrinfo EAI_AGAIN registry.npmjs.org
32 verbose stack     at ClientRequest.<anonymous> (/usr/lib/node_modules/npm/node_modules/minipass-fetch/lib/index.js:97:14)
32 verbose stack     at ClientRequest.emit (node:events:369:20)
32 verbose stack     at Socket.socketErrorListener (node:_http_client:472:9)
32 verbose stack     at Socket.emit (node:events:381:22)
32 verbose stack     at emitErrorNT (node:internal/streams/destroy:188:8)
32 verbose stack     at emitErrorCloseNT (node:internal/streams/destroy:153:3)
32 verbose stack     at processTicksAndRejections (node:internal/process/task_queues:81:21)
33 verbose cwd /home/manueltechs/.cache/typescript/4.6
34 verbose Linux 5.13.0-28-generic
35 verbose argv "/usr/bin/node" "/usr/bin/npm" "install" "--ignore-scripts" "types-registry@latest"
36 verbose node v15.14.0
37 verbose npm  v7.7.6
38 error code EAI_AGAIN
39 error syscall getaddrinfo
40 error errno EAI_AGAIN
41 error request to http://registry.npmjs.org/types-registry failed, reason: getaddrinfo EAI_AGAIN registry.npmjs.org
42 verbose exit 1
